{"date":"Mon Jun 16 2025 08:13:23 GMT+0600 (Bangladesh Standard Time)","error":{},"exception":true,"level":"error","message":"uncaughtException: ⨯ Unable to compile TypeScript:\nsrc/app/middleware/fileUpload/fileUploadHandler.ts(101,57): error TS1005: ',' expected.\r\nsrc/app/middleware/fileUpload/fileUploadHandler.ts(101,61): error TS1005: ':' expected.\r\n\nError: ⨯ Unable to compile TypeScript:\nsrc/app/middleware/fileUpload/fileUploadHandler.ts(101,57): error TS1005: ',' expected.\r\nsrc/app/middleware/fileUpload/fileUploadHandler.ts(101,61): error TS1005: ':' expected.\r\n\n    at Object.<anonymous> (D:\\Nayon xD\\Projects\\Sound Explores\\Sound-Explore-Library\\src\\app\\middleware\\fileUpload\\fileUploadHandler.ts:1:7)\n    at Module.<anonymous> (node:internal/modules/cjs/loader:1730:14)\n    at Module._compile (D:\\Nayon xD\\Projects\\Sound Explores\\Sound-Explore-Library\\node_modules\\source-map-support\\source-map-support.js:568:25)\n    at Module.m._compile (C:\\Users\\nrbna\\AppData\\Local\\Temp\\ts-node-dev-hook-3049915834769057.js:69:33)\n    at node:internal/modules/cjs/loader:1895:10\n    at require.extensions..jsx.require.extensions..js (C:\\Users\\nrbna\\AppData\\Local\\Temp\\ts-node-dev-hook-3049915834769057.js:114:20)\n    at require.extensions.<computed> (C:\\Users\\nrbna\\AppData\\Local\\Temp\\ts-node-dev-hook-3049915834769057.js:71:20)\n    at Object.nodeDevHook [as .ts] (D:\\Nayon xD\\Projects\\Sound Explores\\Sound-Explore-Library\\node_modules\\ts-node-dev\\lib\\hook.js:63:13)\n    at Module.load (node:internal/modules/cjs/loader:1465:32)\n    at Function._load (node:internal/modules/cjs/loader:1282:12)","os":{"loadavg":[0,0,0],"uptime":3364.046},"process":{"argv":["C:\\Program Files\\nodejs\\node.exe","./src/server.ts"],"cwd":"D:\\Nayon xD\\Projects\\Sound Explores\\Sound-Explore-Library","execPath":"C:\\Program Files\\nodejs\\node.exe","gid":null,"memoryUsage":{"arrayBuffers":18457892,"external":20795781,"heapTotal":60002304,"heapUsed":35016280,"rss":90923008},"pid":14736,"uid":null,"version":"v22.15.0"},"service":"your-service-name","stack":"Error: ⨯ Unable to compile TypeScript:\nsrc/app/middleware/fileUpload/fileUploadHandler.ts(101,57): error TS1005: ',' expected.\r\nsrc/app/middleware/fileUpload/fileUploadHandler.ts(101,61): error TS1005: ':' expected.\r\n\n    at Object.<anonymous> (D:\\Nayon xD\\Projects\\Sound Explores\\Sound-Explore-Library\\src\\app\\middleware\\fileUpload\\fileUploadHandler.ts:1:7)\n    at Module.<anonymous> (node:internal/modules/cjs/loader:1730:14)\n    at Module._compile (D:\\Nayon xD\\Projects\\Sound Explores\\Sound-Explore-Library\\node_modules\\source-map-support\\source-map-support.js:568:25)\n    at Module.m._compile (C:\\Users\\nrbna\\AppData\\Local\\Temp\\ts-node-dev-hook-3049915834769057.js:69:33)\n    at node:internal/modules/cjs/loader:1895:10\n    at require.extensions..jsx.require.extensions..js (C:\\Users\\nrbna\\AppData\\Local\\Temp\\ts-node-dev-hook-3049915834769057.js:114:20)\n    at require.extensions.<computed> (C:\\Users\\nrbna\\AppData\\Local\\Temp\\ts-node-dev-hook-3049915834769057.js:71:20)\n    at Object.nodeDevHook [as .ts] (D:\\Nayon xD\\Projects\\Sound Explores\\Sound-Explore-Library\\node_modules\\ts-node-dev\\lib\\hook.js:63:13)\n    at Module.load (node:internal/modules/cjs/loader:1465:32)\n    at Function._load (node:internal/modules/cjs/loader:1282:12)","timestamp":"2025-06-16 08:13:23","trace":[{"column":7,"file":"D:\\Nayon xD\\Projects\\Sound Explores\\Sound-Explore-Library\\src\\app\\middleware\\fileUpload\\fileUploadHandler.ts","function":null,"line":1,"method":null,"native":false},{"column":14,"file":"node:internal/modules/cjs/loader","function":null,"line":1730,"method":null,"native":false},{"column":25,"file":"D:\\Nayon xD\\Projects\\Sound Explores\\Sound-Explore-Library\\node_modules\\source-map-support\\source-map-support.js","function":"Module._compile","line":568,"method":"_compile","native":false},{"column":33,"file":"C:\\Users\\nrbna\\AppData\\Local\\Temp\\ts-node-dev-hook-3049915834769057.js","function":"Module.m._compile","line":69,"method":"_compile","native":false},{"column":10,"file":"node:internal/modules/cjs/loader","function":null,"line":1895,"method":null,"native":false},{"column":20,"file":"C:\\Users\\nrbna\\AppData\\Local\\Temp\\ts-node-dev-hook-3049915834769057.js","function":"require.extensions..jsx.require.extensions..js","line":114,"method":".js","native":false},{"column":20,"file":"C:\\Users\\nrbna\\AppData\\Local\\Temp\\ts-node-dev-hook-3049915834769057.js","function":"require.extensions.<computed>","line":71,"method":"<computed>","native":false},{"column":13,"file":"D:\\Nayon xD\\Projects\\Sound Explores\\Sound-Explore-Library\\node_modules\\ts-node-dev\\lib\\hook.js","function":"Object.nodeDevHook [as .ts]","line":63,"method":"ts]","native":false},{"column":32,"file":"node:internal/modules/cjs/loader","function":"Module.load","line":1465,"method":"load","native":false},{"column":12,"file":"node:internal/modules/cjs/loader","function":"Function._load","line":1282,"method":"_load","native":false}]}
{"date":"Mon Jun 16 2025 08:13:52 GMT+0600 (Bangladesh Standard Time)","error":{},"exception":true,"level":"error","message":"uncaughtException: ⨯ Unable to compile TypeScript:\nsrc/app/middleware/fileUpload/fileUploadHandler.ts(101,80): error TS1109: Expression expected.\r\n\nError: ⨯ Unable to compile TypeScript:\nsrc/app/middleware/fileUpload/fileUploadHandler.ts(101,80): error TS1109: Expression expected.\r\n\n    at Object.<anonymous> (D:\\Nayon xD\\Projects\\Sound Explores\\Sound-Explore-Library\\src\\app\\middleware\\fileUpload\\fileUploadHandler.ts:1:7)\n    at Module.<anonymous> (node:internal/modules/cjs/loader:1730:14)\n    at Module._compile (D:\\Nayon xD\\Projects\\Sound Explores\\Sound-Explore-Library\\node_modules\\source-map-support\\source-map-support.js:568:25)\n    at Module.m._compile (C:\\Users\\nrbna\\AppData\\Local\\Temp\\ts-node-dev-hook-3049915834769057.js:69:33)\n    at node:internal/modules/cjs/loader:1895:10\n    at require.extensions..jsx.require.extensions..js (C:\\Users\\nrbna\\AppData\\Local\\Temp\\ts-node-dev-hook-3049915834769057.js:114:20)\n    at require.extensions.<computed> (C:\\Users\\nrbna\\AppData\\Local\\Temp\\ts-node-dev-hook-3049915834769057.js:71:20)\n    at Object.nodeDevHook [as .ts] (D:\\Nayon xD\\Projects\\Sound Explores\\Sound-Explore-Library\\node_modules\\ts-node-dev\\lib\\hook.js:63:13)\n    at Module.load (node:internal/modules/cjs/loader:1465:32)\n    at Function._load (node:internal/modules/cjs/loader:1282:12)","os":{"loadavg":[0,0,0],"uptime":3393},"process":{"argv":["C:\\Program Files\\nodejs\\node.exe","./src/server.ts"],"cwd":"D:\\Nayon xD\\Projects\\Sound Explores\\Sound-Explore-Library","execPath":"C:\\Program Files\\nodejs\\node.exe","gid":null,"memoryUsage":{"arrayBuffers":18457808,"external":20795781,"heapTotal":60002304,"heapUsed":35013528,"rss":90959872},"pid":3604,"uid":null,"version":"v22.15.0"},"service":"your-service-name","stack":"Error: ⨯ Unable to compile TypeScript:\nsrc/app/middleware/fileUpload/fileUploadHandler.ts(101,80): error TS1109: Expression expected.\r\n\n    at Object.<anonymous> (D:\\Nayon xD\\Projects\\Sound Explores\\Sound-Explore-Library\\src\\app\\middleware\\fileUpload\\fileUploadHandler.ts:1:7)\n    at Module.<anonymous> (node:internal/modules/cjs/loader:1730:14)\n    at Module._compile (D:\\Nayon xD\\Projects\\Sound Explores\\Sound-Explore-Library\\node_modules\\source-map-support\\source-map-support.js:568:25)\n    at Module.m._compile (C:\\Users\\nrbna\\AppData\\Local\\Temp\\ts-node-dev-hook-3049915834769057.js:69:33)\n    at node:internal/modules/cjs/loader:1895:10\n    at require.extensions..jsx.require.extensions..js (C:\\Users\\nrbna\\AppData\\Local\\Temp\\ts-node-dev-hook-3049915834769057.js:114:20)\n    at require.extensions.<computed> (C:\\Users\\nrbna\\AppData\\Local\\Temp\\ts-node-dev-hook-3049915834769057.js:71:20)\n    at Object.nodeDevHook [as .ts] (D:\\Nayon xD\\Projects\\Sound Explores\\Sound-Explore-Library\\node_modules\\ts-node-dev\\lib\\hook.js:63:13)\n    at Module.load (node:internal/modules/cjs/loader:1465:32)\n    at Function._load (node:internal/modules/cjs/loader:1282:12)","timestamp":"2025-06-16 08:13:52","trace":[{"column":7,"file":"D:\\Nayon xD\\Projects\\Sound Explores\\Sound-Explore-Library\\src\\app\\middleware\\fileUpload\\fileUploadHandler.ts","function":null,"line":1,"method":null,"native":false},{"column":14,"file":"node:internal/modules/cjs/loader","function":null,"line":1730,"method":null,"native":false},{"column":25,"file":"D:\\Nayon xD\\Projects\\Sound Explores\\Sound-Explore-Library\\node_modules\\source-map-support\\source-map-support.js","function":"Module._compile","line":568,"method":"_compile","native":false},{"column":33,"file":"C:\\Users\\nrbna\\AppData\\Local\\Temp\\ts-node-dev-hook-3049915834769057.js","function":"Module.m._compile","line":69,"method":"_compile","native":false},{"column":10,"file":"node:internal/modules/cjs/loader","function":null,"line":1895,"method":null,"native":false},{"column":20,"file":"C:\\Users\\nrbna\\AppData\\Local\\Temp\\ts-node-dev-hook-3049915834769057.js","function":"require.extensions..jsx.require.extensions..js","line":114,"method":".js","native":false},{"column":20,"file":"C:\\Users\\nrbna\\AppData\\Local\\Temp\\ts-node-dev-hook-3049915834769057.js","function":"require.extensions.<computed>","line":71,"method":"<computed>","native":false},{"column":13,"file":"D:\\Nayon xD\\Projects\\Sound Explores\\Sound-Explore-Library\\node_modules\\ts-node-dev\\lib\\hook.js","function":"Object.nodeDevHook [as .ts]","line":63,"method":"ts]","native":false},{"column":32,"file":"node:internal/modules/cjs/loader","function":"Module.load","line":1465,"method":"load","native":false},{"column":12,"file":"node:internal/modules/cjs/loader","function":"Function._load","line":1282,"method":"_load","native":false}]}
{"date":"Mon Jun 16 2025 08:17:06 GMT+0600 (Bangladesh Standard Time)","error":{},"exception":true,"level":"error","message":"uncaughtException: ⨯ Unable to compile TypeScript:\nsrc/app/modules/sound/sound.controller.ts(35,5): error TS1135: Argument expression expected.\r\nsrc/app/modules/sound/sound.controller.ts(38,3): error TS1128: Declaration or statement expected.\r\nsrc/app/modules/sound/sound.controller.ts(52,1): error TS1128: Declaration or statement expected.\r\nsrc/app/modules/sound/sound.controller.ts(52,2): error TS1128: Declaration or statement expected.\r\n\nError: ⨯ Unable to compile TypeScript:\nsrc/app/modules/sound/sound.controller.ts(35,5): error TS1135: Argument expression expected.\r\nsrc/app/modules/sound/sound.controller.ts(38,3): error TS1128: Declaration or statement expected.\r\nsrc/app/modules/sound/sound.controller.ts(52,1): error TS1128: Declaration or statement expected.\r\nsrc/app/modules/sound/sound.controller.ts(52,2): error TS1128: Declaration or statement expected.\r\n\n    at Object.<anonymous> (D:\\Nayon xD\\Projects\\Sound Explores\\Sound-Explore-Library\\src\\app\\modules\\sound\\sound.controller.ts:1:7)\n    at Module.<anonymous> (node:internal/modules/cjs/loader:1730:14)\n    at Module._compile (D:\\Nayon xD\\Projects\\Sound Explores\\Sound-Explore-Library\\node_modules\\source-map-support\\source-map-support.js:568:25)\n    at Module.m._compile (C:\\Users\\nrbna\\AppData\\Local\\Temp\\ts-node-dev-hook-3049915834769057.js:69:33)\n    at node:internal/modules/cjs/loader:1895:10\n    at require.extensions..jsx.require.extensions..js (C:\\Users\\nrbna\\AppData\\Local\\Temp\\ts-node-dev-hook-3049915834769057.js:114:20)\n    at require.extensions.<computed> (C:\\Users\\nrbna\\AppData\\Local\\Temp\\ts-node-dev-hook-3049915834769057.js:71:20)\n    at Object.nodeDevHook [as .ts] (D:\\Nayon xD\\Projects\\Sound Explores\\Sound-Explore-Library\\node_modules\\ts-node-dev\\lib\\hook.js:63:13)\n    at Module.load (node:internal/modules/cjs/loader:1465:32)\n    at Function._load (node:internal/modules/cjs/loader:1282:12)","os":{"loadavg":[0,0,0],"uptime":3586.468},"process":{"argv":["C:\\Program Files\\nodejs\\node.exe","./src/server.ts"],"cwd":"D:\\Nayon xD\\Projects\\Sound Explores\\Sound-Explore-Library","execPath":"C:\\Program Files\\nodejs\\node.exe","gid":null,"memoryUsage":{"arrayBuffers":18467316,"external":20795781,"heapTotal":60264448,"heapUsed":37776944,"rss":94003200},"pid":8788,"uid":null,"version":"v22.15.0"},"service":"your-service-name","stack":"Error: ⨯ Unable to compile TypeScript:\nsrc/app/modules/sound/sound.controller.ts(35,5): error TS1135: Argument expression expected.\r\nsrc/app/modules/sound/sound.controller.ts(38,3): error TS1128: Declaration or statement expected.\r\nsrc/app/modules/sound/sound.controller.ts(52,1): error TS1128: Declaration or statement expected.\r\nsrc/app/modules/sound/sound.controller.ts(52,2): error TS1128: Declaration or statement expected.\r\n\n    at Object.<anonymous> (D:\\Nayon xD\\Projects\\Sound Explores\\Sound-Explore-Library\\src\\app\\modules\\sound\\sound.controller.ts:1:7)\n    at Module.<anonymous> (node:internal/modules/cjs/loader:1730:14)\n    at Module._compile (D:\\Nayon xD\\Projects\\Sound Explores\\Sound-Explore-Library\\node_modules\\source-map-support\\source-map-support.js:568:25)\n    at Module.m._compile (C:\\Users\\nrbna\\AppData\\Local\\Temp\\ts-node-dev-hook-3049915834769057.js:69:33)\n    at node:internal/modules/cjs/loader:1895:10\n    at require.extensions..jsx.require.extensions..js (C:\\Users\\nrbna\\AppData\\Local\\Temp\\ts-node-dev-hook-3049915834769057.js:114:20)\n    at require.extensions.<computed> (C:\\Users\\nrbna\\AppData\\Local\\Temp\\ts-node-dev-hook-3049915834769057.js:71:20)\n    at Object.nodeDevHook [as .ts] (D:\\Nayon xD\\Projects\\Sound Explores\\Sound-Explore-Library\\node_modules\\ts-node-dev\\lib\\hook.js:63:13)\n    at Module.load (node:internal/modules/cjs/loader:1465:32)\n    at Function._load (node:internal/modules/cjs/loader:1282:12)","timestamp":"2025-06-16 08:17:06","trace":[{"column":7,"file":"D:\\Nayon xD\\Projects\\Sound Explores\\Sound-Explore-Library\\src\\app\\modules\\sound\\sound.controller.ts","function":null,"line":1,"method":null,"native":false},{"column":14,"file":"node:internal/modules/cjs/loader","function":null,"line":1730,"method":null,"native":false},{"column":25,"file":"D:\\Nayon xD\\Projects\\Sound Explores\\Sound-Explore-Library\\node_modules\\source-map-support\\source-map-support.js","function":"Module._compile","line":568,"method":"_compile","native":false},{"column":33,"file":"C:\\Users\\nrbna\\AppData\\Local\\Temp\\ts-node-dev-hook-3049915834769057.js","function":"Module.m._compile","line":69,"method":"_compile","native":false},{"column":10,"file":"node:internal/modules/cjs/loader","function":null,"line":1895,"method":null,"native":false},{"column":20,"file":"C:\\Users\\nrbna\\AppData\\Local\\Temp\\ts-node-dev-hook-3049915834769057.js","function":"require.extensions..jsx.require.extensions..js","line":114,"method":".js","native":false},{"column":20,"file":"C:\\Users\\nrbna\\AppData\\Local\\Temp\\ts-node-dev-hook-3049915834769057.js","function":"require.extensions.<computed>","line":71,"method":"<computed>","native":false},{"column":13,"file":"D:\\Nayon xD\\Projects\\Sound Explores\\Sound-Explore-Library\\node_modules\\ts-node-dev\\lib\\hook.js","function":"Object.nodeDevHook [as .ts]","line":63,"method":"ts]","native":false},{"column":32,"file":"node:internal/modules/cjs/loader","function":"Module.load","line":1465,"method":"load","native":false},{"column":12,"file":"node:internal/modules/cjs/loader","function":"Function._load","line":1282,"method":"_load","native":false}]}
{"date":"Mon Jun 16 2025 08:30:45 GMT+0600 (Bangladesh Standard Time)","error":{},"exception":true,"level":"error","message":"uncaughtException: ⨯ Unable to compile TypeScript:\nsrc/app/DB/index.ts(16,3): error TS1005: ',' expected.\r\n\nError: ⨯ Unable to compile TypeScript:\nsrc/app/DB/index.ts(16,3): error TS1005: ',' expected.\r\n\n    at Object.<anonymous> (D:\\Nayon xD\\Projects\\Sound Explores\\Sound-Explore-Library\\src\\app\\DB\\index.ts:1:7)\n    at Module.<anonymous> (node:internal/modules/cjs/loader:1730:14)\n    at Module._compile (D:\\Nayon xD\\Projects\\Sound Explores\\Sound-Explore-Library\\node_modules\\source-map-support\\source-map-support.js:568:25)\n    at Module.m._compile (C:\\Users\\nrbna\\AppData\\Local\\Temp\\ts-node-dev-hook-25168107357144587.js:69:33)\n    at node:internal/modules/cjs/loader:1895:10\n    at require.extensions..jsx.require.extensions..js (C:\\Users\\nrbna\\AppData\\Local\\Temp\\ts-node-dev-hook-25168107357144587.js:114:20)\n    at require.extensions.<computed> (C:\\Users\\nrbna\\AppData\\Local\\Temp\\ts-node-dev-hook-25168107357144587.js:71:20)\n    at Object.nodeDevHook [as .ts] (D:\\Nayon xD\\Projects\\Sound Explores\\Sound-Explore-Library\\node_modules\\ts-node-dev\\lib\\hook.js:63:13)\n    at Module.load (node:internal/modules/cjs/loader:1465:32)\n    at Function._load (node:internal/modules/cjs/loader:1282:12)","os":{"loadavg":[0,0,0],"uptime":4405.765},"process":{"argv":["C:\\Program Files\\nodejs\\node.exe","./src/server.ts"],"cwd":"D:\\Nayon xD\\Projects\\Sound Explores\\Sound-Explore-Library","execPath":"C:\\Program Files\\nodejs\\node.exe","gid":null,"memoryUsage":{"arrayBuffers":18541035,"external":21810599,"heapTotal":63934464,"heapUsed":36504984,"rss":101830656},"pid":14932,"uid":null,"version":"v22.15.0"},"service":"your-service-name","stack":"Error: ⨯ Unable to compile TypeScript:\nsrc/app/DB/index.ts(16,3): error TS1005: ',' expected.\r\n\n    at Object.<anonymous> (D:\\Nayon xD\\Projects\\Sound Explores\\Sound-Explore-Library\\src\\app\\DB\\index.ts:1:7)\n    at Module.<anonymous> (node:internal/modules/cjs/loader:1730:14)\n    at Module._compile (D:\\Nayon xD\\Projects\\Sound Explores\\Sound-Explore-Library\\node_modules\\source-map-support\\source-map-support.js:568:25)\n    at Module.m._compile (C:\\Users\\nrbna\\AppData\\Local\\Temp\\ts-node-dev-hook-25168107357144587.js:69:33)\n    at node:internal/modules/cjs/loader:1895:10\n    at require.extensions..jsx.require.extensions..js (C:\\Users\\nrbna\\AppData\\Local\\Temp\\ts-node-dev-hook-25168107357144587.js:114:20)\n    at require.extensions.<computed> (C:\\Users\\nrbna\\AppData\\Local\\Temp\\ts-node-dev-hook-25168107357144587.js:71:20)\n    at Object.nodeDevHook [as .ts] (D:\\Nayon xD\\Projects\\Sound Explores\\Sound-Explore-Library\\node_modules\\ts-node-dev\\lib\\hook.js:63:13)\n    at Module.load (node:internal/modules/cjs/loader:1465:32)\n    at Function._load (node:internal/modules/cjs/loader:1282:12)","timestamp":"2025-06-16 08:30:45","trace":[{"column":7,"file":"D:\\Nayon xD\\Projects\\Sound Explores\\Sound-Explore-Library\\src\\app\\DB\\index.ts","function":null,"line":1,"method":null,"native":false},{"column":14,"file":"node:internal/modules/cjs/loader","function":null,"line":1730,"method":null,"native":false},{"column":25,"file":"D:\\Nayon xD\\Projects\\Sound Explores\\Sound-Explore-Library\\node_modules\\source-map-support\\source-map-support.js","function":"Module._compile","line":568,"method":"_compile","native":false},{"column":33,"file":"C:\\Users\\nrbna\\AppData\\Local\\Temp\\ts-node-dev-hook-25168107357144587.js","function":"Module.m._compile","line":69,"method":"_compile","native":false},{"column":10,"file":"node:internal/modules/cjs/loader","function":null,"line":1895,"method":null,"native":false},{"column":20,"file":"C:\\Users\\nrbna\\AppData\\Local\\Temp\\ts-node-dev-hook-25168107357144587.js","function":"require.extensions..jsx.require.extensions..js","line":114,"method":".js","native":false},{"column":20,"file":"C:\\Users\\nrbna\\AppData\\Local\\Temp\\ts-node-dev-hook-25168107357144587.js","function":"require.extensions.<computed>","line":71,"method":"<computed>","native":false},{"column":13,"file":"D:\\Nayon xD\\Projects\\Sound Explores\\Sound-Explore-Library\\node_modules\\ts-node-dev\\lib\\hook.js","function":"Object.nodeDevHook [as .ts]","line":63,"method":"ts]","native":false},{"column":32,"file":"node:internal/modules/cjs/loader","function":"Module.load","line":1465,"method":"load","native":false},{"column":12,"file":"node:internal/modules/cjs/loader","function":"Function._load","line":1282,"method":"_load","native":false}]}
