{"date":"Wed May 21 2025 10:24:38 GMT+0600 (Bangladesh Standard Time)","error":{},"exception":true,"level":"error","message":"uncaughtException: Route.post() requires a callback function but got a [object Undefined]\nError: Route.post() requires a callback function but got a [object Undefined]\n    at Route.<computed> [as post] (D:\\Nayon xD\\Projects\\Sound Explores\\Sound-Explore-Library\\node_modules\\express\\lib\\router\\route.js:216:15)\n    at Function.proto.<computed> [as post] (D:\\Nayon xD\\Projects\\Sound Explores\\Sound-Explore-Library\\node_modules\\express\\lib\\router\\index.js:521:19)\n    at Object.<anonymous> (D:\\Nayon xD\\Projects\\Sound Explores\\Sound-Explore-Library\\src\\app\\modules\\sendMessge\\sendMessage.route.ts:9:8)\n    at Module.<anonymous> (node:internal/modules/cjs/loader:1730:14)\n    at Module._compile (D:\\Nayon xD\\Projects\\Sound Explores\\Sound-Explore-Library\\node_modules\\source-map-support\\source-map-support.js:568:25)\n    at Module.m._compile (C:\\Users\\nrbna\\AppData\\Local\\Temp\\ts-node-dev-hook-07631353754582548.js:69:33)\n    at node:internal/modules/cjs/loader:1895:10\n    at require.extensions..jsx.require.extensions..js (C:\\Users\\nrbna\\AppData\\Local\\Temp\\ts-node-dev-hook-07631353754582548.js:114:20)\n    at require.extensions.<computed> (C:\\Users\\nrbna\\AppData\\Local\\Temp\\ts-node-dev-hook-07631353754582548.js:71:20)\n    at Object.nodeDevHook [as .ts] (D:\\Nayon xD\\Projects\\Sound Explores\\Sound-Explore-Library\\node_modules\\ts-node-dev\\lib\\hook.js:63:13)","os":{"loadavg":[0,0,0],"uptime":63887.5},"process":{"argv":["C:\\Program Files\\nodejs\\node.exe","./src/server.ts"],"cwd":"D:\\Nayon xD\\Projects\\Sound Explores\\Sound-Explore-Library","execPath":"C:\\Program Files\\nodejs\\node.exe","gid":null,"memoryUsage":{"arrayBuffers":18490029,"external":21780107,"heapTotal":61530112,"heapUsed":37652552,"rss":89636864},"pid":20900,"uid":null,"version":"v22.15.0"},"service":"your-service-name","stack":"Error: Route.post() requires a callback function but got a [object Undefined]\n    at Route.<computed> [as post] (D:\\Nayon xD\\Projects\\Sound Explores\\Sound-Explore-Library\\node_modules\\express\\lib\\router\\route.js:216:15)\n    at Function.proto.<computed> [as post] (D:\\Nayon xD\\Projects\\Sound Explores\\Sound-Explore-Library\\node_modules\\express\\lib\\router\\index.js:521:19)\n    at Object.<anonymous> (D:\\Nayon xD\\Projects\\Sound Explores\\Sound-Explore-Library\\src\\app\\modules\\sendMessge\\sendMessage.route.ts:9:8)\n    at Module.<anonymous> (node:internal/modules/cjs/loader:1730:14)\n    at Module._compile (D:\\Nayon xD\\Projects\\Sound Explores\\Sound-Explore-Library\\node_modules\\source-map-support\\source-map-support.js:568:25)\n    at Module.m._compile (C:\\Users\\nrbna\\AppData\\Local\\Temp\\ts-node-dev-hook-07631353754582548.js:69:33)\n    at node:internal/modules/cjs/loader:1895:10\n    at require.extensions..jsx.require.extensions..js (C:\\Users\\nrbna\\AppData\\Local\\Temp\\ts-node-dev-hook-07631353754582548.js:114:20)\n    at require.extensions.<computed> (C:\\Users\\nrbna\\AppData\\Local\\Temp\\ts-node-dev-hook-07631353754582548.js:71:20)\n    at Object.nodeDevHook [as .ts] (D:\\Nayon xD\\Projects\\Sound Explores\\Sound-Explore-Library\\node_modules\\ts-node-dev\\lib\\hook.js:63:13)","timestamp":"2025-05-21 10:24:38","trace":[{"column":15,"file":"D:\\Nayon xD\\Projects\\Sound Explores\\Sound-Explore-Library\\node_modules\\express\\lib\\router\\route.js","function":"Route.<computed> [as post]","line":216,"method":"<computed> [as post]","native":false},{"column":19,"file":"D:\\Nayon xD\\Projects\\Sound Explores\\Sound-Explore-Library\\node_modules\\express\\lib\\router\\index.js","function":"Function.proto.<computed> [as post]","line":521,"method":"<computed> [as post]","native":false},{"column":8,"file":"D:\\Nayon xD\\Projects\\Sound Explores\\Sound-Explore-Library\\src\\app\\modules\\sendMessge\\sendMessage.route.ts","function":null,"line":9,"method":null,"native":false},{"column":14,"file":"node:internal/modules/cjs/loader","function":null,"line":1730,"method":null,"native":false},{"column":25,"file":"D:\\Nayon xD\\Projects\\Sound Explores\\Sound-Explore-Library\\node_modules\\source-map-support\\source-map-support.js","function":"Module._compile","line":568,"method":"_compile","native":false},{"column":33,"file":"C:\\Users\\nrbna\\AppData\\Local\\Temp\\ts-node-dev-hook-07631353754582548.js","function":"Module.m._compile","line":69,"method":"_compile","native":false},{"column":10,"file":"node:internal/modules/cjs/loader","function":null,"line":1895,"method":null,"native":false},{"column":20,"file":"C:\\Users\\nrbna\\AppData\\Local\\Temp\\ts-node-dev-hook-07631353754582548.js","function":"require.extensions..jsx.require.extensions..js","line":114,"method":".js","native":false},{"column":20,"file":"C:\\Users\\nrbna\\AppData\\Local\\Temp\\ts-node-dev-hook-07631353754582548.js","function":"require.extensions.<computed>","line":71,"method":"<computed>","native":false},{"column":13,"file":"D:\\Nayon xD\\Projects\\Sound Explores\\Sound-Explore-Library\\node_modules\\ts-node-dev\\lib\\hook.js","function":"Object.nodeDevHook [as .ts]","line":63,"method":"ts]","native":false}]}
{"date":"Wed May 21 2025 10:24:42 GMT+0600 (Bangladesh Standard Time)","error":{},"exception":true,"level":"error","message":"uncaughtException: Route.post() requires a callback function but got a [object Undefined]\nError: Route.post() requires a callback function but got a [object Undefined]\n    at Route.<computed> [as post] (D:\\Nayon xD\\Projects\\Sound Explores\\Sound-Explore-Library\\node_modules\\express\\lib\\router\\route.js:216:15)\n    at Function.proto.<computed> [as post] (D:\\Nayon xD\\Projects\\Sound Explores\\Sound-Explore-Library\\node_modules\\express\\lib\\router\\index.js:521:19)\n    at Object.<anonymous> (D:\\Nayon xD\\Projects\\Sound Explores\\Sound-Explore-Library\\src\\app\\modules\\sendMessge\\sendMessage.route.ts:9:8)\n    at Module.<anonymous> (node:internal/modules/cjs/loader:1730:14)\n    at Module._compile (D:\\Nayon xD\\Projects\\Sound Explores\\Sound-Explore-Library\\node_modules\\source-map-support\\source-map-support.js:568:25)\n    at Module.m._compile (C:\\Users\\nrbna\\AppData\\Local\\Temp\\ts-node-dev-hook-07631353754582548.js:69:33)\n    at node:internal/modules/cjs/loader:1895:10\n    at require.extensions..jsx.require.extensions..js (C:\\Users\\nrbna\\AppData\\Local\\Temp\\ts-node-dev-hook-07631353754582548.js:114:20)\n    at require.extensions.<computed> (C:\\Users\\nrbna\\AppData\\Local\\Temp\\ts-node-dev-hook-07631353754582548.js:71:20)\n    at Object.nodeDevHook [as .ts] (D:\\Nayon xD\\Projects\\Sound Explores\\Sound-Explore-Library\\node_modules\\ts-node-dev\\lib\\hook.js:63:13)","os":{"loadavg":[0,0,0],"uptime":63891.187},"process":{"argv":["C:\\Program Files\\nodejs\\node.exe","./src/server.ts"],"cwd":"D:\\Nayon xD\\Projects\\Sound Explores\\Sound-Explore-Library","execPath":"C:\\Program Files\\nodejs\\node.exe","gid":null,"memoryUsage":{"arrayBuffers":18490029,"external":21780107,"heapTotal":61530112,"heapUsed":37610608,"rss":89698304},"pid":26208,"uid":null,"version":"v22.15.0"},"service":"your-service-name","stack":"Error: Route.post() requires a callback function but got a [object Undefined]\n    at Route.<computed> [as post] (D:\\Nayon xD\\Projects\\Sound Explores\\Sound-Explore-Library\\node_modules\\express\\lib\\router\\route.js:216:15)\n    at Function.proto.<computed> [as post] (D:\\Nayon xD\\Projects\\Sound Explores\\Sound-Explore-Library\\node_modules\\express\\lib\\router\\index.js:521:19)\n    at Object.<anonymous> (D:\\Nayon xD\\Projects\\Sound Explores\\Sound-Explore-Library\\src\\app\\modules\\sendMessge\\sendMessage.route.ts:9:8)\n    at Module.<anonymous> (node:internal/modules/cjs/loader:1730:14)\n    at Module._compile (D:\\Nayon xD\\Projects\\Sound Explores\\Sound-Explore-Library\\node_modules\\source-map-support\\source-map-support.js:568:25)\n    at Module.m._compile (C:\\Users\\nrbna\\AppData\\Local\\Temp\\ts-node-dev-hook-07631353754582548.js:69:33)\n    at node:internal/modules/cjs/loader:1895:10\n    at require.extensions..jsx.require.extensions..js (C:\\Users\\nrbna\\AppData\\Local\\Temp\\ts-node-dev-hook-07631353754582548.js:114:20)\n    at require.extensions.<computed> (C:\\Users\\nrbna\\AppData\\Local\\Temp\\ts-node-dev-hook-07631353754582548.js:71:20)\n    at Object.nodeDevHook [as .ts] (D:\\Nayon xD\\Projects\\Sound Explores\\Sound-Explore-Library\\node_modules\\ts-node-dev\\lib\\hook.js:63:13)","timestamp":"2025-05-21 10:24:42","trace":[{"column":15,"file":"D:\\Nayon xD\\Projects\\Sound Explores\\Sound-Explore-Library\\node_modules\\express\\lib\\router\\route.js","function":"Route.<computed> [as post]","line":216,"method":"<computed> [as post]","native":false},{"column":19,"file":"D:\\Nayon xD\\Projects\\Sound Explores\\Sound-Explore-Library\\node_modules\\express\\lib\\router\\index.js","function":"Function.proto.<computed> [as post]","line":521,"method":"<computed> [as post]","native":false},{"column":8,"file":"D:\\Nayon xD\\Projects\\Sound Explores\\Sound-Explore-Library\\src\\app\\modules\\sendMessge\\sendMessage.route.ts","function":null,"line":9,"method":null,"native":false},{"column":14,"file":"node:internal/modules/cjs/loader","function":null,"line":1730,"method":null,"native":false},{"column":25,"file":"D:\\Nayon xD\\Projects\\Sound Explores\\Sound-Explore-Library\\node_modules\\source-map-support\\source-map-support.js","function":"Module._compile","line":568,"method":"_compile","native":false},{"column":33,"file":"C:\\Users\\nrbna\\AppData\\Local\\Temp\\ts-node-dev-hook-07631353754582548.js","function":"Module.m._compile","line":69,"method":"_compile","native":false},{"column":10,"file":"node:internal/modules/cjs/loader","function":null,"line":1895,"method":null,"native":false},{"column":20,"file":"C:\\Users\\nrbna\\AppData\\Local\\Temp\\ts-node-dev-hook-07631353754582548.js","function":"require.extensions..jsx.require.extensions..js","line":114,"method":".js","native":false},{"column":20,"file":"C:\\Users\\nrbna\\AppData\\Local\\Temp\\ts-node-dev-hook-07631353754582548.js","function":"require.extensions.<computed>","line":71,"method":"<computed>","native":false},{"column":13,"file":"D:\\Nayon xD\\Projects\\Sound Explores\\Sound-Explore-Library\\node_modules\\ts-node-dev\\lib\\hook.js","function":"Object.nodeDevHook [as .ts]","line":63,"method":"ts]","native":false}]}
{"date":"Wed May 21 2025 10:24:45 GMT+0600 (Bangladesh Standard Time)","error":{},"exception":true,"level":"error","message":"uncaughtException: Route.post() requires a callback function but got a [object Undefined]\nError: Route.post() requires a callback function but got a [object Undefined]\n    at Route.<computed> [as post] (D:\\Nayon xD\\Projects\\Sound Explores\\Sound-Explore-Library\\node_modules\\express\\lib\\router\\route.js:216:15)\n    at Function.proto.<computed> [as post] (D:\\Nayon xD\\Projects\\Sound Explores\\Sound-Explore-Library\\node_modules\\express\\lib\\router\\index.js:521:19)\n    at Object.<anonymous> (D:\\Nayon xD\\Projects\\Sound Explores\\Sound-Explore-Library\\src\\app\\modules\\sendMessge\\sendMessage.route.ts:9:8)\n    at Module.<anonymous> (node:internal/modules/cjs/loader:1730:14)\n    at Module._compile (D:\\Nayon xD\\Projects\\Sound Explores\\Sound-Explore-Library\\node_modules\\source-map-support\\source-map-support.js:568:25)\n    at Module.m._compile (C:\\Users\\nrbna\\AppData\\Local\\Temp\\ts-node-dev-hook-07631353754582548.js:69:33)\n    at node:internal/modules/cjs/loader:1895:10\n    at require.extensions..jsx.require.extensions..js (C:\\Users\\nrbna\\AppData\\Local\\Temp\\ts-node-dev-hook-07631353754582548.js:114:20)\n    at require.extensions.<computed> (C:\\Users\\nrbna\\AppData\\Local\\Temp\\ts-node-dev-hook-07631353754582548.js:71:20)\n    at Object.nodeDevHook [as .ts] (D:\\Nayon xD\\Projects\\Sound Explores\\Sound-Explore-Library\\node_modules\\ts-node-dev\\lib\\hook.js:63:13)","os":{"loadavg":[0,0,0],"uptime":63894.875},"process":{"argv":["C:\\Program Files\\nodejs\\node.exe","./src/server.ts"],"cwd":"D:\\Nayon xD\\Projects\\Sound Explores\\Sound-Explore-Library","execPath":"C:\\Program Files\\nodejs\\node.exe","gid":null,"memoryUsage":{"arrayBuffers":18490029,"external":21780107,"heapTotal":60739584,"heapUsed":39835552,"rss":91635712},"pid":33592,"uid":null,"version":"v22.15.0"},"service":"your-service-name","stack":"Error: Route.post() requires a callback function but got a [object Undefined]\n    at Route.<computed> [as post] (D:\\Nayon xD\\Projects\\Sound Explores\\Sound-Explore-Library\\node_modules\\express\\lib\\router\\route.js:216:15)\n    at Function.proto.<computed> [as post] (D:\\Nayon xD\\Projects\\Sound Explores\\Sound-Explore-Library\\node_modules\\express\\lib\\router\\index.js:521:19)\n    at Object.<anonymous> (D:\\Nayon xD\\Projects\\Sound Explores\\Sound-Explore-Library\\src\\app\\modules\\sendMessge\\sendMessage.route.ts:9:8)\n    at Module.<anonymous> (node:internal/modules/cjs/loader:1730:14)\n    at Module._compile (D:\\Nayon xD\\Projects\\Sound Explores\\Sound-Explore-Library\\node_modules\\source-map-support\\source-map-support.js:568:25)\n    at Module.m._compile (C:\\Users\\nrbna\\AppData\\Local\\Temp\\ts-node-dev-hook-07631353754582548.js:69:33)\n    at node:internal/modules/cjs/loader:1895:10\n    at require.extensions..jsx.require.extensions..js (C:\\Users\\nrbna\\AppData\\Local\\Temp\\ts-node-dev-hook-07631353754582548.js:114:20)\n    at require.extensions.<computed> (C:\\Users\\nrbna\\AppData\\Local\\Temp\\ts-node-dev-hook-07631353754582548.js:71:20)\n    at Object.nodeDevHook [as .ts] (D:\\Nayon xD\\Projects\\Sound Explores\\Sound-Explore-Library\\node_modules\\ts-node-dev\\lib\\hook.js:63:13)","timestamp":"2025-05-21 10:24:45","trace":[{"column":15,"file":"D:\\Nayon xD\\Projects\\Sound Explores\\Sound-Explore-Library\\node_modules\\express\\lib\\router\\route.js","function":"Route.<computed> [as post]","line":216,"method":"<computed> [as post]","native":false},{"column":19,"file":"D:\\Nayon xD\\Projects\\Sound Explores\\Sound-Explore-Library\\node_modules\\express\\lib\\router\\index.js","function":"Function.proto.<computed> [as post]","line":521,"method":"<computed> [as post]","native":false},{"column":8,"file":"D:\\Nayon xD\\Projects\\Sound Explores\\Sound-Explore-Library\\src\\app\\modules\\sendMessge\\sendMessage.route.ts","function":null,"line":9,"method":null,"native":false},{"column":14,"file":"node:internal/modules/cjs/loader","function":null,"line":1730,"method":null,"native":false},{"column":25,"file":"D:\\Nayon xD\\Projects\\Sound Explores\\Sound-Explore-Library\\node_modules\\source-map-support\\source-map-support.js","function":"Module._compile","line":568,"method":"_compile","native":false},{"column":33,"file":"C:\\Users\\nrbna\\AppData\\Local\\Temp\\ts-node-dev-hook-07631353754582548.js","function":"Module.m._compile","line":69,"method":"_compile","native":false},{"column":10,"file":"node:internal/modules/cjs/loader","function":null,"line":1895,"method":null,"native":false},{"column":20,"file":"C:\\Users\\nrbna\\AppData\\Local\\Temp\\ts-node-dev-hook-07631353754582548.js","function":"require.extensions..jsx.require.extensions..js","line":114,"method":".js","native":false},{"column":20,"file":"C:\\Users\\nrbna\\AppData\\Local\\Temp\\ts-node-dev-hook-07631353754582548.js","function":"require.extensions.<computed>","line":71,"method":"<computed>","native":false},{"column":13,"file":"D:\\Nayon xD\\Projects\\Sound Explores\\Sound-Explore-Library\\node_modules\\ts-node-dev\\lib\\hook.js","function":"Object.nodeDevHook [as .ts]","line":63,"method":"ts]","native":false}]}
{"date":"Wed May 21 2025 10:24:50 GMT+0600 (Bangladesh Standard Time)","error":{},"exception":true,"level":"error","message":"uncaughtException: Route.post() requires a callback function but got a [object Undefined]\nError: Route.post() requires a callback function but got a [object Undefined]\n    at Route.<computed> [as post] (D:\\Nayon xD\\Projects\\Sound Explores\\Sound-Explore-Library\\node_modules\\express\\lib\\router\\route.js:216:15)\n    at Function.proto.<computed> [as post] (D:\\Nayon xD\\Projects\\Sound Explores\\Sound-Explore-Library\\node_modules\\express\\lib\\router\\index.js:521:19)\n    at Object.<anonymous> (D:\\Nayon xD\\Projects\\Sound Explores\\Sound-Explore-Library\\src\\app\\modules\\sendMessge\\sendMessage.route.ts:9:8)\n    at Module.<anonymous> (node:internal/modules/cjs/loader:1730:14)\n    at Module._compile (D:\\Nayon xD\\Projects\\Sound Explores\\Sound-Explore-Library\\node_modules\\source-map-support\\source-map-support.js:568:25)\n    at Module.m._compile (C:\\Users\\nrbna\\AppData\\Local\\Temp\\ts-node-dev-hook-07631353754582548.js:69:33)\n    at node:internal/modules/cjs/loader:1895:10\n    at require.extensions..jsx.require.extensions..js (C:\\Users\\nrbna\\AppData\\Local\\Temp\\ts-node-dev-hook-07631353754582548.js:114:20)\n    at require.extensions.<computed> (C:\\Users\\nrbna\\AppData\\Local\\Temp\\ts-node-dev-hook-07631353754582548.js:71:20)\n    at Object.nodeDevHook [as .ts] (D:\\Nayon xD\\Projects\\Sound Explores\\Sound-Explore-Library\\node_modules\\ts-node-dev\\lib\\hook.js:63:13)","os":{"loadavg":[0,0,0],"uptime":63899.187},"process":{"argv":["C:\\Program Files\\nodejs\\node.exe","./src/server.ts"],"cwd":"D:\\Nayon xD\\Projects\\Sound Explores\\Sound-Explore-Library","execPath":"C:\\Program Files\\nodejs\\node.exe","gid":null,"memoryUsage":{"arrayBuffers":18490029,"external":21780107,"heapTotal":60739584,"heapUsed":39527216,"rss":91410432},"pid":37720,"uid":null,"version":"v22.15.0"},"service":"your-service-name","stack":"Error: Route.post() requires a callback function but got a [object Undefined]\n    at Route.<computed> [as post] (D:\\Nayon xD\\Projects\\Sound Explores\\Sound-Explore-Library\\node_modules\\express\\lib\\router\\route.js:216:15)\n    at Function.proto.<computed> [as post] (D:\\Nayon xD\\Projects\\Sound Explores\\Sound-Explore-Library\\node_modules\\express\\lib\\router\\index.js:521:19)\n    at Object.<anonymous> (D:\\Nayon xD\\Projects\\Sound Explores\\Sound-Explore-Library\\src\\app\\modules\\sendMessge\\sendMessage.route.ts:9:8)\n    at Module.<anonymous> (node:internal/modules/cjs/loader:1730:14)\n    at Module._compile (D:\\Nayon xD\\Projects\\Sound Explores\\Sound-Explore-Library\\node_modules\\source-map-support\\source-map-support.js:568:25)\n    at Module.m._compile (C:\\Users\\nrbna\\AppData\\Local\\Temp\\ts-node-dev-hook-07631353754582548.js:69:33)\n    at node:internal/modules/cjs/loader:1895:10\n    at require.extensions..jsx.require.extensions..js (C:\\Users\\nrbna\\AppData\\Local\\Temp\\ts-node-dev-hook-07631353754582548.js:114:20)\n    at require.extensions.<computed> (C:\\Users\\nrbna\\AppData\\Local\\Temp\\ts-node-dev-hook-07631353754582548.js:71:20)\n    at Object.nodeDevHook [as .ts] (D:\\Nayon xD\\Projects\\Sound Explores\\Sound-Explore-Library\\node_modules\\ts-node-dev\\lib\\hook.js:63:13)","timestamp":"2025-05-21 10:24:50","trace":[{"column":15,"file":"D:\\Nayon xD\\Projects\\Sound Explores\\Sound-Explore-Library\\node_modules\\express\\lib\\router\\route.js","function":"Route.<computed> [as post]","line":216,"method":"<computed> [as post]","native":false},{"column":19,"file":"D:\\Nayon xD\\Projects\\Sound Explores\\Sound-Explore-Library\\node_modules\\express\\lib\\router\\index.js","function":"Function.proto.<computed> [as post]","line":521,"method":"<computed> [as post]","native":false},{"column":8,"file":"D:\\Nayon xD\\Projects\\Sound Explores\\Sound-Explore-Library\\src\\app\\modules\\sendMessge\\sendMessage.route.ts","function":null,"line":9,"method":null,"native":false},{"column":14,"file":"node:internal/modules/cjs/loader","function":null,"line":1730,"method":null,"native":false},{"column":25,"file":"D:\\Nayon xD\\Projects\\Sound Explores\\Sound-Explore-Library\\node_modules\\source-map-support\\source-map-support.js","function":"Module._compile","line":568,"method":"_compile","native":false},{"column":33,"file":"C:\\Users\\nrbna\\AppData\\Local\\Temp\\ts-node-dev-hook-07631353754582548.js","function":"Module.m._compile","line":69,"method":"_compile","native":false},{"column":10,"file":"node:internal/modules/cjs/loader","function":null,"line":1895,"method":null,"native":false},{"column":20,"file":"C:\\Users\\nrbna\\AppData\\Local\\Temp\\ts-node-dev-hook-07631353754582548.js","function":"require.extensions..jsx.require.extensions..js","line":114,"method":".js","native":false},{"column":20,"file":"C:\\Users\\nrbna\\AppData\\Local\\Temp\\ts-node-dev-hook-07631353754582548.js","function":"require.extensions.<computed>","line":71,"method":"<computed>","native":false},{"column":13,"file":"D:\\Nayon xD\\Projects\\Sound Explores\\Sound-Explore-Library\\node_modules\\ts-node-dev\\lib\\hook.js","function":"Object.nodeDevHook [as .ts]","line":63,"method":"ts]","native":false}]}
{"date":"Wed May 21 2025 10:25:34 GMT+0600 (Bangladesh Standard Time)","error":{},"exception":true,"level":"error","message":"uncaughtException: Identifier 'sendMessage' has already been declared\nD:\\Nayon xD\\Projects\\Sound Explores\\Sound-Explore-Library\\src\\app\\modules\\sendMessge\\sendMessage.controller.ts:31\nconst sendMessage = (0, catchAsync_1.default)((req, res) => __awaiter(void 0, void 0, void 0, function* () {\n      ^\n\nSyntaxError: Identifier 'sendMessage' has already been declared\n    at wrapSafe (node:internal/modules/cjs/loader:1662:18)\n    at Module.<anonymous> (node:internal/modules/cjs/loader:1704:20)\n    at Module._compile (D:\\Nayon xD\\Projects\\Sound Explores\\Sound-Explore-Library\\node_modules\\source-map-support\\source-map-support.js:568:25)\n    at Module.m._compile (C:\\Users\\nrbna\\AppData\\Local\\Temp\\ts-node-dev-hook-07631353754582548.js:69:33)\n    at node:internal/modules/cjs/loader:1895:10\n    at require.extensions..jsx.require.extensions..js (C:\\Users\\nrbna\\AppData\\Local\\Temp\\ts-node-dev-hook-07631353754582548.js:114:20)\n    at require.extensions.<computed> (C:\\Users\\nrbna\\AppData\\Local\\Temp\\ts-node-dev-hook-07631353754582548.js:71:20)\n    at Object.nodeDevHook [as .ts] (D:\\Nayon xD\\Projects\\Sound Explores\\Sound-Explore-Library\\node_modules\\ts-node-dev\\lib\\hook.js:63:13)\n    at Module.load (node:internal/modules/cjs/loader:1465:32)\n    at Function._load (node:internal/modules/cjs/loader:1282:12)","os":{"loadavg":[0,0,0],"uptime":63943.921},"process":{"argv":["C:\\Program Files\\nodejs\\node.exe","./src/server.ts"],"cwd":"D:\\Nayon xD\\Projects\\Sound Explores\\Sound-Explore-Library","execPath":"C:\\Program Files\\nodejs\\node.exe","gid":null,"memoryUsage":{"arrayBuffers":18425205,"external":20765289,"heapTotal":58904576,"heapUsed":32845960,"rss":83193856},"pid":11520,"uid":null,"version":"v22.15.0"},"service":"your-service-name","stack":"D:\\Nayon xD\\Projects\\Sound Explores\\Sound-Explore-Library\\src\\app\\modules\\sendMessge\\sendMessage.controller.ts:31\nconst sendMessage = (0, catchAsync_1.default)((req, res) => __awaiter(void 0, void 0, void 0, function* () {\n      ^\n\nSyntaxError: Identifier 'sendMessage' has already been declared\n    at wrapSafe (node:internal/modules/cjs/loader:1662:18)\n    at Module.<anonymous> (node:internal/modules/cjs/loader:1704:20)\n    at Module._compile (D:\\Nayon xD\\Projects\\Sound Explores\\Sound-Explore-Library\\node_modules\\source-map-support\\source-map-support.js:568:25)\n    at Module.m._compile (C:\\Users\\nrbna\\AppData\\Local\\Temp\\ts-node-dev-hook-07631353754582548.js:69:33)\n    at node:internal/modules/cjs/loader:1895:10\n    at require.extensions..jsx.require.extensions..js (C:\\Users\\nrbna\\AppData\\Local\\Temp\\ts-node-dev-hook-07631353754582548.js:114:20)\n    at require.extensions.<computed> (C:\\Users\\nrbna\\AppData\\Local\\Temp\\ts-node-dev-hook-07631353754582548.js:71:20)\n    at Object.nodeDevHook [as .ts] (D:\\Nayon xD\\Projects\\Sound Explores\\Sound-Explore-Library\\node_modules\\ts-node-dev\\lib\\hook.js:63:13)\n    at Module.load (node:internal/modules/cjs/loader:1465:32)\n    at Function._load (node:internal/modules/cjs/loader:1282:12)","timestamp":"2025-05-21 10:25:34","trace":[{"column":18,"file":"node:internal/modules/cjs/loader","function":"wrapSafe","line":1662,"method":null,"native":false},{"column":20,"file":"node:internal/modules/cjs/loader","function":null,"line":1704,"method":null,"native":false},{"column":25,"file":"D:\\Nayon xD\\Projects\\Sound Explores\\Sound-Explore-Library\\node_modules\\source-map-support\\source-map-support.js","function":"Module._compile","line":568,"method":"_compile","native":false},{"column":33,"file":"C:\\Users\\nrbna\\AppData\\Local\\Temp\\ts-node-dev-hook-07631353754582548.js","function":"Module.m._compile","line":69,"method":"_compile","native":false},{"column":10,"file":"node:internal/modules/cjs/loader","function":null,"line":1895,"method":null,"native":false},{"column":20,"file":"C:\\Users\\nrbna\\AppData\\Local\\Temp\\ts-node-dev-hook-07631353754582548.js","function":"require.extensions..jsx.require.extensions..js","line":114,"method":".js","native":false},{"column":20,"file":"C:\\Users\\nrbna\\AppData\\Local\\Temp\\ts-node-dev-hook-07631353754582548.js","function":"require.extensions.<computed>","line":71,"method":"<computed>","native":false},{"column":13,"file":"D:\\Nayon xD\\Projects\\Sound Explores\\Sound-Explore-Library\\node_modules\\ts-node-dev\\lib\\hook.js","function":"Object.nodeDevHook [as .ts]","line":63,"method":"ts]","native":false},{"column":32,"file":"node:internal/modules/cjs/loader","function":"Module.load","line":1465,"method":"load","native":false},{"column":12,"file":"node:internal/modules/cjs/loader","function":"Function._load","line":1282,"method":"_load","native":false}]}
{"date":"Wed May 21 2025 10:25:38 GMT+0600 (Bangladesh Standard Time)","error":{},"exception":true,"level":"error","message":"uncaughtException: Route.post() requires a callback function but got a [object Undefined]\nError: Route.post() requires a callback function but got a [object Undefined]\n    at Route.<computed> [as post] (D:\\Nayon xD\\Projects\\Sound Explores\\Sound-Explore-Library\\node_modules\\express\\lib\\router\\route.js:216:15)\n    at Function.proto.<computed> [as post] (D:\\Nayon xD\\Projects\\Sound Explores\\Sound-Explore-Library\\node_modules\\express\\lib\\router\\index.js:521:19)\n    at Object.<anonymous> (D:\\Nayon xD\\Projects\\Sound Explores\\Sound-Explore-Library\\src\\app\\modules\\sendMessge\\sendMessage.route.ts:9:8)\n    at Module.<anonymous> (node:internal/modules/cjs/loader:1730:14)\n    at Module._compile (D:\\Nayon xD\\Projects\\Sound Explores\\Sound-Explore-Library\\node_modules\\source-map-support\\source-map-support.js:568:25)\n    at Module.m._compile (C:\\Users\\nrbna\\AppData\\Local\\Temp\\ts-node-dev-hook-07631353754582548.js:69:33)\n    at node:internal/modules/cjs/loader:1895:10\n    at require.extensions..jsx.require.extensions..js (C:\\Users\\nrbna\\AppData\\Local\\Temp\\ts-node-dev-hook-07631353754582548.js:114:20)\n    at require.extensions.<computed> (C:\\Users\\nrbna\\AppData\\Local\\Temp\\ts-node-dev-hook-07631353754582548.js:71:20)\n    at Object.nodeDevHook [as .ts] (D:\\Nayon xD\\Projects\\Sound Explores\\Sound-Explore-Library\\node_modules\\ts-node-dev\\lib\\hook.js:63:13)","os":{"loadavg":[0,0,0],"uptime":63947.593},"process":{"argv":["C:\\Program Files\\nodejs\\node.exe","./src/server.ts"],"cwd":"D:\\Nayon xD\\Projects\\Sound Explores\\Sound-Explore-Library","execPath":"C:\\Program Files\\nodejs\\node.exe","gid":null,"memoryUsage":{"arrayBuffers":18490029,"external":21780107,"heapTotal":60739584,"heapUsed":39585328,"rss":91557888},"pid":5796,"uid":null,"version":"v22.15.0"},"service":"your-service-name","stack":"Error: Route.post() requires a callback function but got a [object Undefined]\n    at Route.<computed> [as post] (D:\\Nayon xD\\Projects\\Sound Explores\\Sound-Explore-Library\\node_modules\\express\\lib\\router\\route.js:216:15)\n    at Function.proto.<computed> [as post] (D:\\Nayon xD\\Projects\\Sound Explores\\Sound-Explore-Library\\node_modules\\express\\lib\\router\\index.js:521:19)\n    at Object.<anonymous> (D:\\Nayon xD\\Projects\\Sound Explores\\Sound-Explore-Library\\src\\app\\modules\\sendMessge\\sendMessage.route.ts:9:8)\n    at Module.<anonymous> (node:internal/modules/cjs/loader:1730:14)\n    at Module._compile (D:\\Nayon xD\\Projects\\Sound Explores\\Sound-Explore-Library\\node_modules\\source-map-support\\source-map-support.js:568:25)\n    at Module.m._compile (C:\\Users\\nrbna\\AppData\\Local\\Temp\\ts-node-dev-hook-07631353754582548.js:69:33)\n    at node:internal/modules/cjs/loader:1895:10\n    at require.extensions..jsx.require.extensions..js (C:\\Users\\nrbna\\AppData\\Local\\Temp\\ts-node-dev-hook-07631353754582548.js:114:20)\n    at require.extensions.<computed> (C:\\Users\\nrbna\\AppData\\Local\\Temp\\ts-node-dev-hook-07631353754582548.js:71:20)\n    at Object.nodeDevHook [as .ts] (D:\\Nayon xD\\Projects\\Sound Explores\\Sound-Explore-Library\\node_modules\\ts-node-dev\\lib\\hook.js:63:13)","timestamp":"2025-05-21 10:25:38","trace":[{"column":15,"file":"D:\\Nayon xD\\Projects\\Sound Explores\\Sound-Explore-Library\\node_modules\\express\\lib\\router\\route.js","function":"Route.<computed> [as post]","line":216,"method":"<computed> [as post]","native":false},{"column":19,"file":"D:\\Nayon xD\\Projects\\Sound Explores\\Sound-Explore-Library\\node_modules\\express\\lib\\router\\index.js","function":"Function.proto.<computed> [as post]","line":521,"method":"<computed> [as post]","native":false},{"column":8,"file":"D:\\Nayon xD\\Projects\\Sound Explores\\Sound-Explore-Library\\src\\app\\modules\\sendMessge\\sendMessage.route.ts","function":null,"line":9,"method":null,"native":false},{"column":14,"file":"node:internal/modules/cjs/loader","function":null,"line":1730,"method":null,"native":false},{"column":25,"file":"D:\\Nayon xD\\Projects\\Sound Explores\\Sound-Explore-Library\\node_modules\\source-map-support\\source-map-support.js","function":"Module._compile","line":568,"method":"_compile","native":false},{"column":33,"file":"C:\\Users\\nrbna\\AppData\\Local\\Temp\\ts-node-dev-hook-07631353754582548.js","function":"Module.m._compile","line":69,"method":"_compile","native":false},{"column":10,"file":"node:internal/modules/cjs/loader","function":null,"line":1895,"method":null,"native":false},{"column":20,"file":"C:\\Users\\nrbna\\AppData\\Local\\Temp\\ts-node-dev-hook-07631353754582548.js","function":"require.extensions..jsx.require.extensions..js","line":114,"method":".js","native":false},{"column":20,"file":"C:\\Users\\nrbna\\AppData\\Local\\Temp\\ts-node-dev-hook-07631353754582548.js","function":"require.extensions.<computed>","line":71,"method":"<computed>","native":false},{"column":13,"file":"D:\\Nayon xD\\Projects\\Sound Explores\\Sound-Explore-Library\\node_modules\\ts-node-dev\\lib\\hook.js","function":"Object.nodeDevHook [as .ts]","line":63,"method":"ts]","native":false}]}
{"date":"Wed May 21 2025 10:26:09 GMT+0600 (Bangladesh Standard Time)","error":{},"exception":true,"level":"error","message":"uncaughtException: sendSoundToAllFriends is not defined\nReferenceError: sendSoundToAllFriends is not defined\n    at Object.<anonymous> (D:\\Nayon xD\\Projects\\Sound Explores\\Sound-Explore-Library\\src\\app\\modules\\sendMessge\\sendMessage.controller.ts:45:3)\n    at Module.<anonymous> (node:internal/modules/cjs/loader:1730:14)\n    at Module._compile (D:\\Nayon xD\\Projects\\Sound Explores\\Sound-Explore-Library\\node_modules\\source-map-support\\source-map-support.js:568:25)\n    at Module.m._compile (C:\\Users\\nrbna\\AppData\\Local\\Temp\\ts-node-dev-hook-07631353754582548.js:69:33)\n    at node:internal/modules/cjs/loader:1895:10\n    at require.extensions..jsx.require.extensions..js (C:\\Users\\nrbna\\AppData\\Local\\Temp\\ts-node-dev-hook-07631353754582548.js:114:20)\n    at require.extensions.<computed> (C:\\Users\\nrbna\\AppData\\Local\\Temp\\ts-node-dev-hook-07631353754582548.js:71:20)\n    at Object.nodeDevHook [as .ts] (D:\\Nayon xD\\Projects\\Sound Explores\\Sound-Explore-Library\\node_modules\\ts-node-dev\\lib\\hook.js:63:13)\n    at Module.load (node:internal/modules/cjs/loader:1465:32)\n    at Function._load (node:internal/modules/cjs/loader:1282:12)","os":{"loadavg":[0,0,0],"uptime":63978.734},"process":{"argv":["C:\\Program Files\\nodejs\\node.exe","./src/server.ts"],"cwd":"D:\\Nayon xD\\Projects\\Sound Explores\\Sound-Explore-Library","execPath":"C:\\Program Files\\nodejs\\node.exe","gid":null,"memoryUsage":{"arrayBuffers":18490004,"external":21780107,"heapTotal":61263872,"heapUsed":37382200,"rss":89260032},"pid":26176,"uid":null,"version":"v22.15.0"},"service":"your-service-name","stack":"ReferenceError: sendSoundToAllFriends is not defined\n    at Object.<anonymous> (D:\\Nayon xD\\Projects\\Sound Explores\\Sound-Explore-Library\\src\\app\\modules\\sendMessge\\sendMessage.controller.ts:45:3)\n    at Module.<anonymous> (node:internal/modules/cjs/loader:1730:14)\n    at Module._compile (D:\\Nayon xD\\Projects\\Sound Explores\\Sound-Explore-Library\\node_modules\\source-map-support\\source-map-support.js:568:25)\n    at Module.m._compile (C:\\Users\\nrbna\\AppData\\Local\\Temp\\ts-node-dev-hook-07631353754582548.js:69:33)\n    at node:internal/modules/cjs/loader:1895:10\n    at require.extensions..jsx.require.extensions..js (C:\\Users\\nrbna\\AppData\\Local\\Temp\\ts-node-dev-hook-07631353754582548.js:114:20)\n    at require.extensions.<computed> (C:\\Users\\nrbna\\AppData\\Local\\Temp\\ts-node-dev-hook-07631353754582548.js:71:20)\n    at Object.nodeDevHook [as .ts] (D:\\Nayon xD\\Projects\\Sound Explores\\Sound-Explore-Library\\node_modules\\ts-node-dev\\lib\\hook.js:63:13)\n    at Module.load (node:internal/modules/cjs/loader:1465:32)\n    at Function._load (node:internal/modules/cjs/loader:1282:12)","timestamp":"2025-05-21 10:26:09","trace":[{"column":3,"file":"D:\\Nayon xD\\Projects\\Sound Explores\\Sound-Explore-Library\\src\\app\\modules\\sendMessge\\sendMessage.controller.ts","function":null,"line":45,"method":null,"native":false},{"column":14,"file":"node:internal/modules/cjs/loader","function":null,"line":1730,"method":null,"native":false},{"column":25,"file":"D:\\Nayon xD\\Projects\\Sound Explores\\Sound-Explore-Library\\node_modules\\source-map-support\\source-map-support.js","function":"Module._compile","line":568,"method":"_compile","native":false},{"column":33,"file":"C:\\Users\\nrbna\\AppData\\Local\\Temp\\ts-node-dev-hook-07631353754582548.js","function":"Module.m._compile","line":69,"method":"_compile","native":false},{"column":10,"file":"node:internal/modules/cjs/loader","function":null,"line":1895,"method":null,"native":false},{"column":20,"file":"C:\\Users\\nrbna\\AppData\\Local\\Temp\\ts-node-dev-hook-07631353754582548.js","function":"require.extensions..jsx.require.extensions..js","line":114,"method":".js","native":false},{"column":20,"file":"C:\\Users\\nrbna\\AppData\\Local\\Temp\\ts-node-dev-hook-07631353754582548.js","function":"require.extensions.<computed>","line":71,"method":"<computed>","native":false},{"column":13,"file":"D:\\Nayon xD\\Projects\\Sound Explores\\Sound-Explore-Library\\node_modules\\ts-node-dev\\lib\\hook.js","function":"Object.nodeDevHook [as .ts]","line":63,"method":"ts]","native":false},{"column":32,"file":"node:internal/modules/cjs/loader","function":"Module.load","line":1465,"method":"load","native":false},{"column":12,"file":"node:internal/modules/cjs/loader","function":"Function._load","line":1282,"method":"_load","native":false}]}
{"date":"Wed May 21 2025 10:26:13 GMT+0600 (Bangladesh Standard Time)","error":{},"exception":true,"level":"error","message":"uncaughtException: Route.post() requires a callback function but got a [object Undefined]\nError: Route.post() requires a callback function but got a [object Undefined]\n    at Route.<computed> [as post] (D:\\Nayon xD\\Projects\\Sound Explores\\Sound-Explore-Library\\node_modules\\express\\lib\\router\\route.js:216:15)\n    at Function.proto.<computed> [as post] (D:\\Nayon xD\\Projects\\Sound Explores\\Sound-Explore-Library\\node_modules\\express\\lib\\router\\index.js:521:19)\n    at Object.<anonymous> (D:\\Nayon xD\\Projects\\Sound Explores\\Sound-Explore-Library\\src\\app\\modules\\sendMessge\\sendMessage.route.ts:9:8)\n    at Module.<anonymous> (node:internal/modules/cjs/loader:1730:14)\n    at Module._compile (D:\\Nayon xD\\Projects\\Sound Explores\\Sound-Explore-Library\\node_modules\\source-map-support\\source-map-support.js:568:25)\n    at Module.m._compile (C:\\Users\\nrbna\\AppData\\Local\\Temp\\ts-node-dev-hook-07631353754582548.js:69:33)\n    at node:internal/modules/cjs/loader:1895:10\n    at require.extensions..jsx.require.extensions..js (C:\\Users\\nrbna\\AppData\\Local\\Temp\\ts-node-dev-hook-07631353754582548.js:114:20)\n    at require.extensions.<computed> (C:\\Users\\nrbna\\AppData\\Local\\Temp\\ts-node-dev-hook-07631353754582548.js:71:20)\n    at Object.nodeDevHook [as .ts] (D:\\Nayon xD\\Projects\\Sound Explores\\Sound-Explore-Library\\node_modules\\ts-node-dev\\lib\\hook.js:63:13)","os":{"loadavg":[0,0,0],"uptime":63982.421},"process":{"argv":["C:\\Program Files\\nodejs\\node.exe","./src/server.ts"],"cwd":"D:\\Nayon xD\\Projects\\Sound Explores\\Sound-Explore-Library","execPath":"C:\\Program Files\\nodejs\\node.exe","gid":null,"memoryUsage":{"arrayBuffers":18490029,"external":21780107,"heapTotal":60739584,"heapUsed":39762504,"rss":91467776},"pid":27072,"uid":null,"version":"v22.15.0"},"service":"your-service-name","stack":"Error: Route.post() requires a callback function but got a [object Undefined]\n    at Route.<computed> [as post] (D:\\Nayon xD\\Projects\\Sound Explores\\Sound-Explore-Library\\node_modules\\express\\lib\\router\\route.js:216:15)\n    at Function.proto.<computed> [as post] (D:\\Nayon xD\\Projects\\Sound Explores\\Sound-Explore-Library\\node_modules\\express\\lib\\router\\index.js:521:19)\n    at Object.<anonymous> (D:\\Nayon xD\\Projects\\Sound Explores\\Sound-Explore-Library\\src\\app\\modules\\sendMessge\\sendMessage.route.ts:9:8)\n    at Module.<anonymous> (node:internal/modules/cjs/loader:1730:14)\n    at Module._compile (D:\\Nayon xD\\Projects\\Sound Explores\\Sound-Explore-Library\\node_modules\\source-map-support\\source-map-support.js:568:25)\n    at Module.m._compile (C:\\Users\\nrbna\\AppData\\Local\\Temp\\ts-node-dev-hook-07631353754582548.js:69:33)\n    at node:internal/modules/cjs/loader:1895:10\n    at require.extensions..jsx.require.extensions..js (C:\\Users\\nrbna\\AppData\\Local\\Temp\\ts-node-dev-hook-07631353754582548.js:114:20)\n    at require.extensions.<computed> (C:\\Users\\nrbna\\AppData\\Local\\Temp\\ts-node-dev-hook-07631353754582548.js:71:20)\n    at Object.nodeDevHook [as .ts] (D:\\Nayon xD\\Projects\\Sound Explores\\Sound-Explore-Library\\node_modules\\ts-node-dev\\lib\\hook.js:63:13)","timestamp":"2025-05-21 10:26:13","trace":[{"column":15,"file":"D:\\Nayon xD\\Projects\\Sound Explores\\Sound-Explore-Library\\node_modules\\express\\lib\\router\\route.js","function":"Route.<computed> [as post]","line":216,"method":"<computed> [as post]","native":false},{"column":19,"file":"D:\\Nayon xD\\Projects\\Sound Explores\\Sound-Explore-Library\\node_modules\\express\\lib\\router\\index.js","function":"Function.proto.<computed> [as post]","line":521,"method":"<computed> [as post]","native":false},{"column":8,"file":"D:\\Nayon xD\\Projects\\Sound Explores\\Sound-Explore-Library\\src\\app\\modules\\sendMessge\\sendMessage.route.ts","function":null,"line":9,"method":null,"native":false},{"column":14,"file":"node:internal/modules/cjs/loader","function":null,"line":1730,"method":null,"native":false},{"column":25,"file":"D:\\Nayon xD\\Projects\\Sound Explores\\Sound-Explore-Library\\node_modules\\source-map-support\\source-map-support.js","function":"Module._compile","line":568,"method":"_compile","native":false},{"column":33,"file":"C:\\Users\\nrbna\\AppData\\Local\\Temp\\ts-node-dev-hook-07631353754582548.js","function":"Module.m._compile","line":69,"method":"_compile","native":false},{"column":10,"file":"node:internal/modules/cjs/loader","function":null,"line":1895,"method":null,"native":false},{"column":20,"file":"C:\\Users\\nrbna\\AppData\\Local\\Temp\\ts-node-dev-hook-07631353754582548.js","function":"require.extensions..jsx.require.extensions..js","line":114,"method":".js","native":false},{"column":20,"file":"C:\\Users\\nrbna\\AppData\\Local\\Temp\\ts-node-dev-hook-07631353754582548.js","function":"require.extensions.<computed>","line":71,"method":"<computed>","native":false},{"column":13,"file":"D:\\Nayon xD\\Projects\\Sound Explores\\Sound-Explore-Library\\node_modules\\ts-node-dev\\lib\\hook.js","function":"Object.nodeDevHook [as .ts]","line":63,"method":"ts]","native":false}]}
{"date":"Wed May 21 2025 10:27:13 GMT+0600 (Bangladesh Standard Time)","error":{},"exception":true,"level":"error","message":"uncaughtException: Unexpected token ';'\nD:\\Nayon xD\\Projects\\Sound Explores\\Sound-Explore-Library\\src\\app\\modules\\sendMessge\\sendMessage.controller.ts:33\n    const ;\n          ^\n\nSyntaxError: Unexpected token ';'\n    at wrapSafe (node:internal/modules/cjs/loader:1662:18)\n    at Module.<anonymous> (node:internal/modules/cjs/loader:1704:20)\n    at Module._compile (D:\\Nayon xD\\Projects\\Sound Explores\\Sound-Explore-Library\\node_modules\\source-map-support\\source-map-support.js:568:25)\n    at Module.m._compile (C:\\Users\\nrbna\\AppData\\Local\\Temp\\ts-node-dev-hook-07631353754582548.js:69:33)\n    at node:internal/modules/cjs/loader:1895:10\n    at require.extensions..jsx.require.extensions..js (C:\\Users\\nrbna\\AppData\\Local\\Temp\\ts-node-dev-hook-07631353754582548.js:114:20)\n    at require.extensions.<computed> (C:\\Users\\nrbna\\AppData\\Local\\Temp\\ts-node-dev-hook-07631353754582548.js:71:20)\n    at Object.nodeDevHook [as .ts] (D:\\Nayon xD\\Projects\\Sound Explores\\Sound-Explore-Library\\node_modules\\ts-node-dev\\lib\\hook.js:63:13)\n    at Module.load (node:internal/modules/cjs/loader:1465:32)\n    at Function._load (node:internal/modules/cjs/loader:1282:12)","os":{"loadavg":[0,0,0],"uptime":64042.953},"process":{"argv":["C:\\Program Files\\nodejs\\node.exe","./src/server.ts"],"cwd":"D:\\Nayon xD\\Projects\\Sound Explores\\Sound-Explore-Library","execPath":"C:\\Program Files\\nodejs\\node.exe","gid":null,"memoryUsage":{"arrayBuffers":18425175,"external":20765289,"heapTotal":58904576,"heapUsed":32737784,"rss":83402752},"pid":37252,"uid":null,"version":"v22.15.0"},"service":"your-service-name","stack":"D:\\Nayon xD\\Projects\\Sound Explores\\Sound-Explore-Library\\src\\app\\modules\\sendMessge\\sendMessage.controller.ts:33\n    const ;\n          ^\n\nSyntaxError: Unexpected token ';'\n    at wrapSafe (node:internal/modules/cjs/loader:1662:18)\n    at Module.<anonymous> (node:internal/modules/cjs/loader:1704:20)\n    at Module._compile (D:\\Nayon xD\\Projects\\Sound Explores\\Sound-Explore-Library\\node_modules\\source-map-support\\source-map-support.js:568:25)\n    at Module.m._compile (C:\\Users\\nrbna\\AppData\\Local\\Temp\\ts-node-dev-hook-07631353754582548.js:69:33)\n    at node:internal/modules/cjs/loader:1895:10\n    at require.extensions..jsx.require.extensions..js (C:\\Users\\nrbna\\AppData\\Local\\Temp\\ts-node-dev-hook-07631353754582548.js:114:20)\n    at require.extensions.<computed> (C:\\Users\\nrbna\\AppData\\Local\\Temp\\ts-node-dev-hook-07631353754582548.js:71:20)\n    at Object.nodeDevHook [as .ts] (D:\\Nayon xD\\Projects\\Sound Explores\\Sound-Explore-Library\\node_modules\\ts-node-dev\\lib\\hook.js:63:13)\n    at Module.load (node:internal/modules/cjs/loader:1465:32)\n    at Function._load (node:internal/modules/cjs/loader:1282:12)","timestamp":"2025-05-21 10:27:13","trace":[{"column":18,"file":"node:internal/modules/cjs/loader","function":"wrapSafe","line":1662,"method":null,"native":false},{"column":20,"file":"node:internal/modules/cjs/loader","function":null,"line":1704,"method":null,"native":false},{"column":25,"file":"D:\\Nayon xD\\Projects\\Sound Explores\\Sound-Explore-Library\\node_modules\\source-map-support\\source-map-support.js","function":"Module._compile","line":568,"method":"_compile","native":false},{"column":33,"file":"C:\\Users\\nrbna\\AppData\\Local\\Temp\\ts-node-dev-hook-07631353754582548.js","function":"Module.m._compile","line":69,"method":"_compile","native":false},{"column":10,"file":"node:internal/modules/cjs/loader","function":null,"line":1895,"method":null,"native":false},{"column":20,"file":"C:\\Users\\nrbna\\AppData\\Local\\Temp\\ts-node-dev-hook-07631353754582548.js","function":"require.extensions..jsx.require.extensions..js","line":114,"method":".js","native":false},{"column":20,"file":"C:\\Users\\nrbna\\AppData\\Local\\Temp\\ts-node-dev-hook-07631353754582548.js","function":"require.extensions.<computed>","line":71,"method":"<computed>","native":false},{"column":13,"file":"D:\\Nayon xD\\Projects\\Sound Explores\\Sound-Explore-Library\\node_modules\\ts-node-dev\\lib\\hook.js","function":"Object.nodeDevHook [as .ts]","line":63,"method":"ts]","native":false},{"column":32,"file":"node:internal/modules/cjs/loader","function":"Module.load","line":1465,"method":"load","native":false},{"column":12,"file":"node:internal/modules/cjs/loader","function":"Function._load","line":1282,"method":"_load","native":false}]}
{"date":"Wed May 21 2025 10:27:17 GMT+0600 (Bangladesh Standard Time)","error":{},"exception":true,"level":"error","message":"uncaughtException: Missing initializer in const declaration\nD:\\Nayon xD\\Projects\\Sound Explores\\Sound-Explore-Library\\src\\app\\modules\\sendMessge\\sendMessage.controller.ts:33\n    const userID;\n          ^^^^^^\n\nSyntaxError: Missing initializer in const declaration\n    at wrapSafe (node:internal/modules/cjs/loader:1662:18)\n    at Module.<anonymous> (node:internal/modules/cjs/loader:1704:20)\n    at Module._compile (D:\\Nayon xD\\Projects\\Sound Explores\\Sound-Explore-Library\\node_modules\\source-map-support\\source-map-support.js:568:25)\n    at Module.m._compile (C:\\Users\\nrbna\\AppData\\Local\\Temp\\ts-node-dev-hook-07631353754582548.js:69:33)\n    at node:internal/modules/cjs/loader:1895:10\n    at require.extensions..jsx.require.extensions..js (C:\\Users\\nrbna\\AppData\\Local\\Temp\\ts-node-dev-hook-07631353754582548.js:114:20)\n    at require.extensions.<computed> (C:\\Users\\nrbna\\AppData\\Local\\Temp\\ts-node-dev-hook-07631353754582548.js:71:20)\n    at Object.nodeDevHook [as .ts] (D:\\Nayon xD\\Projects\\Sound Explores\\Sound-Explore-Library\\node_modules\\ts-node-dev\\lib\\hook.js:63:13)\n    at Module.load (node:internal/modules/cjs/loader:1465:32)\n    at Function._load (node:internal/modules/cjs/loader:1282:12)","os":{"loadavg":[0,0,0],"uptime":64046.609},"process":{"argv":["C:\\Program Files\\nodejs\\node.exe","./src/server.ts"],"cwd":"D:\\Nayon xD\\Projects\\Sound Explores\\Sound-Explore-Library","execPath":"C:\\Program Files\\nodejs\\node.exe","gid":null,"memoryUsage":{"arrayBuffers":18425195,"external":20765289,"heapTotal":59957248,"heapUsed":30879648,"rss":83705856},"pid":2384,"uid":null,"version":"v22.15.0"},"service":"your-service-name","stack":"D:\\Nayon xD\\Projects\\Sound Explores\\Sound-Explore-Library\\src\\app\\modules\\sendMessge\\sendMessage.controller.ts:33\n    const userID;\n          ^^^^^^\n\nSyntaxError: Missing initializer in const declaration\n    at wrapSafe (node:internal/modules/cjs/loader:1662:18)\n    at Module.<anonymous> (node:internal/modules/cjs/loader:1704:20)\n    at Module._compile (D:\\Nayon xD\\Projects\\Sound Explores\\Sound-Explore-Library\\node_modules\\source-map-support\\source-map-support.js:568:25)\n    at Module.m._compile (C:\\Users\\nrbna\\AppData\\Local\\Temp\\ts-node-dev-hook-07631353754582548.js:69:33)\n    at node:internal/modules/cjs/loader:1895:10\n    at require.extensions..jsx.require.extensions..js (C:\\Users\\nrbna\\AppData\\Local\\Temp\\ts-node-dev-hook-07631353754582548.js:114:20)\n    at require.extensions.<computed> (C:\\Users\\nrbna\\AppData\\Local\\Temp\\ts-node-dev-hook-07631353754582548.js:71:20)\n    at Object.nodeDevHook [as .ts] (D:\\Nayon xD\\Projects\\Sound Explores\\Sound-Explore-Library\\node_modules\\ts-node-dev\\lib\\hook.js:63:13)\n    at Module.load (node:internal/modules/cjs/loader:1465:32)\n    at Function._load (node:internal/modules/cjs/loader:1282:12)","timestamp":"2025-05-21 10:27:17","trace":[{"column":18,"file":"node:internal/modules/cjs/loader","function":"wrapSafe","line":1662,"method":null,"native":false},{"column":20,"file":"node:internal/modules/cjs/loader","function":null,"line":1704,"method":null,"native":false},{"column":25,"file":"D:\\Nayon xD\\Projects\\Sound Explores\\Sound-Explore-Library\\node_modules\\source-map-support\\source-map-support.js","function":"Module._compile","line":568,"method":"_compile","native":false},{"column":33,"file":"C:\\Users\\nrbna\\AppData\\Local\\Temp\\ts-node-dev-hook-07631353754582548.js","function":"Module.m._compile","line":69,"method":"_compile","native":false},{"column":10,"file":"node:internal/modules/cjs/loader","function":null,"line":1895,"method":null,"native":false},{"column":20,"file":"C:\\Users\\nrbna\\AppData\\Local\\Temp\\ts-node-dev-hook-07631353754582548.js","function":"require.extensions..jsx.require.extensions..js","line":114,"method":".js","native":false},{"column":20,"file":"C:\\Users\\nrbna\\AppData\\Local\\Temp\\ts-node-dev-hook-07631353754582548.js","function":"require.extensions.<computed>","line":71,"method":"<computed>","native":false},{"column":13,"file":"D:\\Nayon xD\\Projects\\Sound Explores\\Sound-Explore-Library\\node_modules\\ts-node-dev\\lib\\hook.js","function":"Object.nodeDevHook [as .ts]","line":63,"method":"ts]","native":false},{"column":32,"file":"node:internal/modules/cjs/loader","function":"Module.load","line":1465,"method":"load","native":false},{"column":12,"file":"node:internal/modules/cjs/loader","function":"Function._load","line":1282,"method":"_load","native":false}]}
{"date":"Wed May 21 2025 10:27:25 GMT+0600 (Bangladesh Standard Time)","error":{},"exception":true,"level":"error","message":"uncaughtException:  Unable to compile TypeScript:\nsrc/app/modules/sendMessge/sendMessage.controller.ts(26,27): error TS1003: Identifier expected.\r\n\nError:  Unable to compile TypeScript:\nsrc/app/modules/sendMessge/sendMessage.controller.ts(26,27): error TS1003: Identifier expected.\r\n\n    at Object.<anonymous> (D:\\Nayon xD\\Projects\\Sound Explores\\Sound-Explore-Library\\src\\app\\modules\\sendMessge\\sendMessage.controller.ts:1:7)\n    at Module.<anonymous> (node:internal/modules/cjs/loader:1730:14)\n    at Module._compile (D:\\Nayon xD\\Projects\\Sound Explores\\Sound-Explore-Library\\node_modules\\source-map-support\\source-map-support.js:568:25)\n    at Module.m._compile (C:\\Users\\nrbna\\AppData\\Local\\Temp\\ts-node-dev-hook-07631353754582548.js:69:33)\n    at node:internal/modules/cjs/loader:1895:10\n    at require.extensions..jsx.require.extensions..js (C:\\Users\\nrbna\\AppData\\Local\\Temp\\ts-node-dev-hook-07631353754582548.js:114:20)\n    at require.extensions.<computed> (C:\\Users\\nrbna\\AppData\\Local\\Temp\\ts-node-dev-hook-07631353754582548.js:71:20)\n    at Object.nodeDevHook [as .ts] (D:\\Nayon xD\\Projects\\Sound Explores\\Sound-Explore-Library\\node_modules\\ts-node-dev\\lib\\hook.js:63:13)\n    at Module.load (node:internal/modules/cjs/loader:1465:32)\n    at Function._load (node:internal/modules/cjs/loader:1282:12)","os":{"loadavg":[0,0,0],"uptime":64054.578},"process":{"argv":["C:\\Program Files\\nodejs\\node.exe","./src/server.ts"],"cwd":"D:\\Nayon xD\\Projects\\Sound Explores\\Sound-Explore-Library","execPath":"C:\\Program Files\\nodejs\\node.exe","gid":null,"memoryUsage":{"arrayBuffers":18425278,"external":20765289,"heapTotal":59957248,"heapUsed":30770144,"rss":84058112},"pid":30592,"uid":null,"version":"v22.15.0"},"service":"your-service-name","stack":"Error:  Unable to compile TypeScript:\nsrc/app/modules/sendMessge/sendMessage.controller.ts(26,27): error TS1003: Identifier expected.\r\n\n    at Object.<anonymous> (D:\\Nayon xD\\Projects\\Sound Explores\\Sound-Explore-Library\\src\\app\\modules\\sendMessge\\sendMessage.controller.ts:1:7)\n    at Module.<anonymous> (node:internal/modules/cjs/loader:1730:14)\n    at Module._compile (D:\\Nayon xD\\Projects\\Sound Explores\\Sound-Explore-Library\\node_modules\\source-map-support\\source-map-support.js:568:25)\n    at Module.m._compile (C:\\Users\\nrbna\\AppData\\Local\\Temp\\ts-node-dev-hook-07631353754582548.js:69:33)\n    at node:internal/modules/cjs/loader:1895:10\n    at require.extensions..jsx.require.extensions..js (C:\\Users\\nrbna\\AppData\\Local\\Temp\\ts-node-dev-hook-07631353754582548.js:114:20)\n    at require.extensions.<computed> (C:\\Users\\nrbna\\AppData\\Local\\Temp\\ts-node-dev-hook-07631353754582548.js:71:20)\n    at Object.nodeDevHook [as .ts] (D:\\Nayon xD\\Projects\\Sound Explores\\Sound-Explore-Library\\node_modules\\ts-node-dev\\lib\\hook.js:63:13)\n    at Module.load (node:internal/modules/cjs/loader:1465:32)\n    at Function._load (node:internal/modules/cjs/loader:1282:12)","timestamp":"2025-05-21 10:27:25","trace":[{"column":7,"file":"D:\\Nayon xD\\Projects\\Sound Explores\\Sound-Explore-Library\\src\\app\\modules\\sendMessge\\sendMessage.controller.ts","function":null,"line":1,"method":null,"native":false},{"column":14,"file":"node:internal/modules/cjs/loader","function":null,"line":1730,"method":null,"native":false},{"column":25,"file":"D:\\Nayon xD\\Projects\\Sound Explores\\Sound-Explore-Library\\node_modules\\source-map-support\\source-map-support.js","function":"Module._compile","line":568,"method":"_compile","native":false},{"column":33,"file":"C:\\Users\\nrbna\\AppData\\Local\\Temp\\ts-node-dev-hook-07631353754582548.js","function":"Module.m._compile","line":69,"method":"_compile","native":false},{"column":10,"file":"node:internal/modules/cjs/loader","function":null,"line":1895,"method":null,"native":false},{"column":20,"file":"C:\\Users\\nrbna\\AppData\\Local\\Temp\\ts-node-dev-hook-07631353754582548.js","function":"require.extensions..jsx.require.extensions..js","line":114,"method":".js","native":false},{"column":20,"file":"C:\\Users\\nrbna\\AppData\\Local\\Temp\\ts-node-dev-hook-07631353754582548.js","function":"require.extensions.<computed>","line":71,"method":"<computed>","native":false},{"column":13,"file":"D:\\Nayon xD\\Projects\\Sound Explores\\Sound-Explore-Library\\node_modules\\ts-node-dev\\lib\\hook.js","function":"Object.nodeDevHook [as .ts]","line":63,"method":"ts]","native":false},{"column":32,"file":"node:internal/modules/cjs/loader","function":"Module.load","line":1465,"method":"load","native":false},{"column":12,"file":"node:internal/modules/cjs/loader","function":"Function._load","line":1282,"method":"_load","native":false}]}
{"date":"Wed May 21 2025 10:27:56 GMT+0600 (Bangladesh Standard Time)","error":{},"exception":true,"level":"error","message":"uncaughtException: Identifier 'sendMessage' has already been declared\nD:\\Nayon xD\\Projects\\Sound Explores\\Sound-Explore-Library\\src\\app\\modules\\sendMessge\\sendMessage.service.ts:124\nconst sendMessage = (users, link, senderEmail, soundTitle) => __awaiter(void 0, void 0, void 0, function* () {\n      ^\n\nSyntaxError: Identifier 'sendMessage' has already been declared\n    at wrapSafe (node:internal/modules/cjs/loader:1662:18)\n    at Module.<anonymous> (node:internal/modules/cjs/loader:1704:20)\n    at Module._compile (D:\\Nayon xD\\Projects\\Sound Explores\\Sound-Explore-Library\\node_modules\\source-map-support\\source-map-support.js:568:25)\n    at Module.m._compile (C:\\Users\\nrbna\\AppData\\Local\\Temp\\ts-node-dev-hook-07631353754582548.js:69:33)\n    at node:internal/modules/cjs/loader:1895:10\n    at require.extensions..jsx.require.extensions..js (C:\\Users\\nrbna\\AppData\\Local\\Temp\\ts-node-dev-hook-07631353754582548.js:114:20)\n    at require.extensions.<computed> (C:\\Users\\nrbna\\AppData\\Local\\Temp\\ts-node-dev-hook-07631353754582548.js:71:20)\n    at Object.nodeDevHook [as .ts] (D:\\Nayon xD\\Projects\\Sound Explores\\Sound-Explore-Library\\node_modules\\ts-node-dev\\lib\\hook.js:63:13)\n    at Module.load (node:internal/modules/cjs/loader:1465:32)\n    at Function._load (node:internal/modules/cjs/loader:1282:12)","os":{"loadavg":[0,0,0],"uptime":64085.968},"process":{"argv":["C:\\Program Files\\nodejs\\node.exe","./src/server.ts"],"cwd":"D:\\Nayon xD\\Projects\\Sound Explores\\Sound-Explore-Library","execPath":"C:\\Program Files\\nodejs\\node.exe","gid":null,"memoryUsage":{"arrayBuffers":18425686,"external":20765289,"heapTotal":58904576,"heapUsed":33118080,"rss":84049920},"pid":34432,"uid":null,"version":"v22.15.0"},"service":"your-service-name","stack":"D:\\Nayon xD\\Projects\\Sound Explores\\Sound-Explore-Library\\src\\app\\modules\\sendMessge\\sendMessage.service.ts:124\nconst sendMessage = (users, link, senderEmail, soundTitle) => __awaiter(void 0, void 0, void 0, function* () {\n      ^\n\nSyntaxError: Identifier 'sendMessage' has already been declared\n    at wrapSafe (node:internal/modules/cjs/loader:1662:18)\n    at Module.<anonymous> (node:internal/modules/cjs/loader:1704:20)\n    at Module._compile (D:\\Nayon xD\\Projects\\Sound Explores\\Sound-Explore-Library\\node_modules\\source-map-support\\source-map-support.js:568:25)\n    at Module.m._compile (C:\\Users\\nrbna\\AppData\\Local\\Temp\\ts-node-dev-hook-07631353754582548.js:69:33)\n    at node:internal/modules/cjs/loader:1895:10\n    at require.extensions..jsx.require.extensions..js (C:\\Users\\nrbna\\AppData\\Local\\Temp\\ts-node-dev-hook-07631353754582548.js:114:20)\n    at require.extensions.<computed> (C:\\Users\\nrbna\\AppData\\Local\\Temp\\ts-node-dev-hook-07631353754582548.js:71:20)\n    at Object.nodeDevHook [as .ts] (D:\\Nayon xD\\Projects\\Sound Explores\\Sound-Explore-Library\\node_modules\\ts-node-dev\\lib\\hook.js:63:13)\n    at Module.load (node:internal/modules/cjs/loader:1465:32)\n    at Function._load (node:internal/modules/cjs/loader:1282:12)","timestamp":"2025-05-21 10:27:56","trace":[{"column":18,"file":"node:internal/modules/cjs/loader","function":"wrapSafe","line":1662,"method":null,"native":false},{"column":20,"file":"node:internal/modules/cjs/loader","function":null,"line":1704,"method":null,"native":false},{"column":25,"file":"D:\\Nayon xD\\Projects\\Sound Explores\\Sound-Explore-Library\\node_modules\\source-map-support\\source-map-support.js","function":"Module._compile","line":568,"method":"_compile","native":false},{"column":33,"file":"C:\\Users\\nrbna\\AppData\\Local\\Temp\\ts-node-dev-hook-07631353754582548.js","function":"Module.m._compile","line":69,"method":"_compile","native":false},{"column":10,"file":"node:internal/modules/cjs/loader","function":null,"line":1895,"method":null,"native":false},{"column":20,"file":"C:\\Users\\nrbna\\AppData\\Local\\Temp\\ts-node-dev-hook-07631353754582548.js","function":"require.extensions..jsx.require.extensions..js","line":114,"method":".js","native":false},{"column":20,"file":"C:\\Users\\nrbna\\AppData\\Local\\Temp\\ts-node-dev-hook-07631353754582548.js","function":"require.extensions.<computed>","line":71,"method":"<computed>","native":false},{"column":13,"file":"D:\\Nayon xD\\Projects\\Sound Explores\\Sound-Explore-Library\\node_modules\\ts-node-dev\\lib\\hook.js","function":"Object.nodeDevHook [as .ts]","line":63,"method":"ts]","native":false},{"column":32,"file":"node:internal/modules/cjs/loader","function":"Module.load","line":1465,"method":"load","native":false},{"column":12,"file":"node:internal/modules/cjs/loader","function":"Function._load","line":1282,"method":"_load","native":false}]}
{"date":"Wed May 21 2025 10:30:02 GMT+0600 (Bangladesh Standard Time)","error":{},"exception":true,"level":"error","message":"uncaughtException:  Unable to compile TypeScript:\nsrc/app/modules/sendMessge/sendMessage.controller.ts(26,27): error TS1003: Identifier expected.\r\n\nError:  Unable to compile TypeScript:\nsrc/app/modules/sendMessge/sendMessage.controller.ts(26,27): error TS1003: Identifier expected.\r\n\n    at Object.<anonymous> (D:\\Nayon xD\\Projects\\Sound Explores\\Sound-Explore-Library\\src\\app\\modules\\sendMessge\\sendMessage.controller.ts:1:7)\n    at Module.<anonymous> (node:internal/modules/cjs/loader:1730:14)\n    at Module._compile (D:\\Nayon xD\\Projects\\Sound Explores\\Sound-Explore-Library\\node_modules\\source-map-support\\source-map-support.js:568:25)\n    at Module.m._compile (C:\\Users\\nrbna\\AppData\\Local\\Temp\\ts-node-dev-hook-07631353754582548.js:69:33)\n    at node:internal/modules/cjs/loader:1895:10\n    at require.extensions..jsx.require.extensions..js (C:\\Users\\nrbna\\AppData\\Local\\Temp\\ts-node-dev-hook-07631353754582548.js:114:20)\n    at require.extensions.<computed> (C:\\Users\\nrbna\\AppData\\Local\\Temp\\ts-node-dev-hook-07631353754582548.js:71:20)\n    at Object.nodeDevHook [as .ts] (D:\\Nayon xD\\Projects\\Sound Explores\\Sound-Explore-Library\\node_modules\\ts-node-dev\\lib\\hook.js:63:13)\n    at Module.load (node:internal/modules/cjs/loader:1465:32)\n    at Function._load (node:internal/modules/cjs/loader:1282:12)","os":{"loadavg":[0,0,0],"uptime":64212.062},"process":{"argv":["C:\\Program Files\\nodejs\\node.exe","./src/server.ts"],"cwd":"D:\\Nayon xD\\Projects\\Sound Explores\\Sound-Explore-Library","execPath":"C:\\Program Files\\nodejs\\node.exe","gid":null,"memoryUsage":{"arrayBuffers":18425278,"external":20765289,"heapTotal":58904576,"heapUsed":32748528,"rss":83206144},"pid":36024,"uid":null,"version":"v22.15.0"},"service":"your-service-name","stack":"Error:  Unable to compile TypeScript:\nsrc/app/modules/sendMessge/sendMessage.controller.ts(26,27): error TS1003: Identifier expected.\r\n\n    at Object.<anonymous> (D:\\Nayon xD\\Projects\\Sound Explores\\Sound-Explore-Library\\src\\app\\modules\\sendMessge\\sendMessage.controller.ts:1:7)\n    at Module.<anonymous> (node:internal/modules/cjs/loader:1730:14)\n    at Module._compile (D:\\Nayon xD\\Projects\\Sound Explores\\Sound-Explore-Library\\node_modules\\source-map-support\\source-map-support.js:568:25)\n    at Module.m._compile (C:\\Users\\nrbna\\AppData\\Local\\Temp\\ts-node-dev-hook-07631353754582548.js:69:33)\n    at node:internal/modules/cjs/loader:1895:10\n    at require.extensions..jsx.require.extensions..js (C:\\Users\\nrbna\\AppData\\Local\\Temp\\ts-node-dev-hook-07631353754582548.js:114:20)\n    at require.extensions.<computed> (C:\\Users\\nrbna\\AppData\\Local\\Temp\\ts-node-dev-hook-07631353754582548.js:71:20)\n    at Object.nodeDevHook [as .ts] (D:\\Nayon xD\\Projects\\Sound Explores\\Sound-Explore-Library\\node_modules\\ts-node-dev\\lib\\hook.js:63:13)\n    at Module.load (node:internal/modules/cjs/loader:1465:32)\n    at Function._load (node:internal/modules/cjs/loader:1282:12)","timestamp":"2025-05-21 10:30:02","trace":[{"column":7,"file":"D:\\Nayon xD\\Projects\\Sound Explores\\Sound-Explore-Library\\src\\app\\modules\\sendMessge\\sendMessage.controller.ts","function":null,"line":1,"method":null,"native":false},{"column":14,"file":"node:internal/modules/cjs/loader","function":null,"line":1730,"method":null,"native":false},{"column":25,"file":"D:\\Nayon xD\\Projects\\Sound Explores\\Sound-Explore-Library\\node_modules\\source-map-support\\source-map-support.js","function":"Module._compile","line":568,"method":"_compile","native":false},{"column":33,"file":"C:\\Users\\nrbna\\AppData\\Local\\Temp\\ts-node-dev-hook-07631353754582548.js","function":"Module.m._compile","line":69,"method":"_compile","native":false},{"column":10,"file":"node:internal/modules/cjs/loader","function":null,"line":1895,"method":null,"native":false},{"column":20,"file":"C:\\Users\\nrbna\\AppData\\Local\\Temp\\ts-node-dev-hook-07631353754582548.js","function":"require.extensions..jsx.require.extensions..js","line":114,"method":".js","native":false},{"column":20,"file":"C:\\Users\\nrbna\\AppData\\Local\\Temp\\ts-node-dev-hook-07631353754582548.js","function":"require.extensions.<computed>","line":71,"method":"<computed>","native":false},{"column":13,"file":"D:\\Nayon xD\\Projects\\Sound Explores\\Sound-Explore-Library\\node_modules\\ts-node-dev\\lib\\hook.js","function":"Object.nodeDevHook [as .ts]","line":63,"method":"ts]","native":false},{"column":32,"file":"node:internal/modules/cjs/loader","function":"Module.load","line":1465,"method":"load","native":false},{"column":12,"file":"node:internal/modules/cjs/loader","function":"Function._load","line":1282,"method":"_load","native":false}]}
{"date":"Wed May 21 2025 10:30:26 GMT+0600 (Bangladesh Standard Time)","error":{},"exception":true,"level":"error","message":"uncaughtException:  Unable to compile TypeScript:\nsrc/app/modules/sendMessge/sendMessage.controller.ts(26,36): error TS1003: Identifier expected.\r\n\nError:  Unable to compile TypeScript:\nsrc/app/modules/sendMessge/sendMessage.controller.ts(26,36): error TS1003: Identifier expected.\r\n\n    at Object.<anonymous> (D:\\Nayon xD\\Projects\\Sound Explores\\Sound-Explore-Library\\src\\app\\modules\\sendMessge\\sendMessage.controller.ts:1:7)\n    at Module.<anonymous> (node:internal/modules/cjs/loader:1730:14)\n    at Module._compile (D:\\Nayon xD\\Projects\\Sound Explores\\Sound-Explore-Library\\node_modules\\source-map-support\\source-map-support.js:568:25)\n    at Module.m._compile (C:\\Users\\nrbna\\AppData\\Local\\Temp\\ts-node-dev-hook-07631353754582548.js:69:33)\n    at node:internal/modules/cjs/loader:1895:10\n    at require.extensions..jsx.require.extensions..js (C:\\Users\\nrbna\\AppData\\Local\\Temp\\ts-node-dev-hook-07631353754582548.js:114:20)\n    at require.extensions.<computed> (C:\\Users\\nrbna\\AppData\\Local\\Temp\\ts-node-dev-hook-07631353754582548.js:71:20)\n    at Object.nodeDevHook [as .ts] (D:\\Nayon xD\\Projects\\Sound Explores\\Sound-Explore-Library\\node_modules\\ts-node-dev\\lib\\hook.js:63:13)\n    at Module.load (node:internal/modules/cjs/loader:1465:32)\n    at Function._load (node:internal/modules/cjs/loader:1282:12)","os":{"loadavg":[0,0,0],"uptime":64235.312},"process":{"argv":["C:\\Program Files\\nodejs\\node.exe","./src/server.ts"],"cwd":"D:\\Nayon xD\\Projects\\Sound Explores\\Sound-Explore-Library","execPath":"C:\\Program Files\\nodejs\\node.exe","gid":null,"memoryUsage":{"arrayBuffers":18425278,"external":20765289,"heapTotal":58904576,"heapUsed":32973872,"rss":83496960},"pid":36652,"uid":null,"version":"v22.15.0"},"service":"your-service-name","stack":"Error:  Unable to compile TypeScript:\nsrc/app/modules/sendMessge/sendMessage.controller.ts(26,36): error TS1003: Identifier expected.\r\n\n    at Object.<anonymous> (D:\\Nayon xD\\Projects\\Sound Explores\\Sound-Explore-Library\\src\\app\\modules\\sendMessge\\sendMessage.controller.ts:1:7)\n    at Module.<anonymous> (node:internal/modules/cjs/loader:1730:14)\n    at Module._compile (D:\\Nayon xD\\Projects\\Sound Explores\\Sound-Explore-Library\\node_modules\\source-map-support\\source-map-support.js:568:25)\n    at Module.m._compile (C:\\Users\\nrbna\\AppData\\Local\\Temp\\ts-node-dev-hook-07631353754582548.js:69:33)\n    at node:internal/modules/cjs/loader:1895:10\n    at require.extensions..jsx.require.extensions..js (C:\\Users\\nrbna\\AppData\\Local\\Temp\\ts-node-dev-hook-07631353754582548.js:114:20)\n    at require.extensions.<computed> (C:\\Users\\nrbna\\AppData\\Local\\Temp\\ts-node-dev-hook-07631353754582548.js:71:20)\n    at Object.nodeDevHook [as .ts] (D:\\Nayon xD\\Projects\\Sound Explores\\Sound-Explore-Library\\node_modules\\ts-node-dev\\lib\\hook.js:63:13)\n    at Module.load (node:internal/modules/cjs/loader:1465:32)\n    at Function._load (node:internal/modules/cjs/loader:1282:12)","timestamp":"2025-05-21 10:30:26","trace":[{"column":7,"file":"D:\\Nayon xD\\Projects\\Sound Explores\\Sound-Explore-Library\\src\\app\\modules\\sendMessge\\sendMessage.controller.ts","function":null,"line":1,"method":null,"native":false},{"column":14,"file":"node:internal/modules/cjs/loader","function":null,"line":1730,"method":null,"native":false},{"column":25,"file":"D:\\Nayon xD\\Projects\\Sound Explores\\Sound-Explore-Library\\node_modules\\source-map-support\\source-map-support.js","function":"Module._compile","line":568,"method":"_compile","native":false},{"column":33,"file":"C:\\Users\\nrbna\\AppData\\Local\\Temp\\ts-node-dev-hook-07631353754582548.js","function":"Module.m._compile","line":69,"method":"_compile","native":false},{"column":10,"file":"node:internal/modules/cjs/loader","function":null,"line":1895,"method":null,"native":false},{"column":20,"file":"C:\\Users\\nrbna\\AppData\\Local\\Temp\\ts-node-dev-hook-07631353754582548.js","function":"require.extensions..jsx.require.extensions..js","line":114,"method":".js","native":false},{"column":20,"file":"C:\\Users\\nrbna\\AppData\\Local\\Temp\\ts-node-dev-hook-07631353754582548.js","function":"require.extensions.<computed>","line":71,"method":"<computed>","native":false},{"column":13,"file":"D:\\Nayon xD\\Projects\\Sound Explores\\Sound-Explore-Library\\node_modules\\ts-node-dev\\lib\\hook.js","function":"Object.nodeDevHook [as .ts]","line":63,"method":"ts]","native":false},{"column":32,"file":"node:internal/modules/cjs/loader","function":"Module.load","line":1465,"method":"load","native":false},{"column":12,"file":"node:internal/modules/cjs/loader","function":"Function._load","line":1282,"method":"_load","native":false}]}
{"date":"Wed May 21 2025 10:31:07 GMT+0600 (Bangladesh Standard Time)","error":{},"exception":true,"level":"error","message":"uncaughtException:  Unable to compile TypeScript:\nsrc/app/modules/sendMessge/sendMessage.service.ts(156,1): error TS1110: Type expected.\r\n\nError:  Unable to compile TypeScript:\nsrc/app/modules/sendMessge/sendMessage.service.ts(156,1): error TS1110: Type expected.\r\n\n    at Object.<anonymous> (D:\\Nayon xD\\Projects\\Sound Explores\\Sound-Explore-Library\\src\\app\\modules\\sendMessge\\sendMessage.service.ts:1:7)\n    at Module.<anonymous> (node:internal/modules/cjs/loader:1730:14)\n    at Module._compile (D:\\Nayon xD\\Projects\\Sound Explores\\Sound-Explore-Library\\node_modules\\source-map-support\\source-map-support.js:568:25)\n    at Module.m._compile (C:\\Users\\nrbna\\AppData\\Local\\Temp\\ts-node-dev-hook-07631353754582548.js:69:33)\n    at node:internal/modules/cjs/loader:1895:10\n    at require.extensions..jsx.require.extensions..js (C:\\Users\\nrbna\\AppData\\Local\\Temp\\ts-node-dev-hook-07631353754582548.js:114:20)\n    at require.extensions.<computed> (C:\\Users\\nrbna\\AppData\\Local\\Temp\\ts-node-dev-hook-07631353754582548.js:71:20)\n    at Object.nodeDevHook [as .ts] (D:\\Nayon xD\\Projects\\Sound Explores\\Sound-Explore-Library\\node_modules\\ts-node-dev\\lib\\hook.js:63:13)\n    at Module.load (node:internal/modules/cjs/loader:1465:32)\n    at Function._load (node:internal/modules/cjs/loader:1282:12)","os":{"loadavg":[0,0,0],"uptime":64276.906},"process":{"argv":["C:\\Program Files\\nodejs\\node.exe","./src/server.ts"],"cwd":"D:\\Nayon xD\\Projects\\Sound Explores\\Sound-Explore-Library","execPath":"C:\\Program Files\\nodejs\\node.exe","gid":null,"memoryUsage":{"arrayBuffers":18425750,"external":20765289,"heapTotal":58904576,"heapUsed":33090392,"rss":83652608},"pid":28144,"uid":null,"version":"v22.15.0"},"service":"your-service-name","stack":"Error:  Unable to compile TypeScript:\nsrc/app/modules/sendMessge/sendMessage.service.ts(156,1): error TS1110: Type expected.\r\n\n    at Object.<anonymous> (D:\\Nayon xD\\Projects\\Sound Explores\\Sound-Explore-Library\\src\\app\\modules\\sendMessge\\sendMessage.service.ts:1:7)\n    at Module.<anonymous> (node:internal/modules/cjs/loader:1730:14)\n    at Module._compile (D:\\Nayon xD\\Projects\\Sound Explores\\Sound-Explore-Library\\node_modules\\source-map-support\\source-map-support.js:568:25)\n    at Module.m._compile (C:\\Users\\nrbna\\AppData\\Local\\Temp\\ts-node-dev-hook-07631353754582548.js:69:33)\n    at node:internal/modules/cjs/loader:1895:10\n    at require.extensions..jsx.require.extensions..js (C:\\Users\\nrbna\\AppData\\Local\\Temp\\ts-node-dev-hook-07631353754582548.js:114:20)\n    at require.extensions.<computed> (C:\\Users\\nrbna\\AppData\\Local\\Temp\\ts-node-dev-hook-07631353754582548.js:71:20)\n    at Object.nodeDevHook [as .ts] (D:\\Nayon xD\\Projects\\Sound Explores\\Sound-Explore-Library\\node_modules\\ts-node-dev\\lib\\hook.js:63:13)\n    at Module.load (node:internal/modules/cjs/loader:1465:32)\n    at Function._load (node:internal/modules/cjs/loader:1282:12)","timestamp":"2025-05-21 10:31:07","trace":[{"column":7,"file":"D:\\Nayon xD\\Projects\\Sound Explores\\Sound-Explore-Library\\src\\app\\modules\\sendMessge\\sendMessage.service.ts","function":null,"line":1,"method":null,"native":false},{"column":14,"file":"node:internal/modules/cjs/loader","function":null,"line":1730,"method":null,"native":false},{"column":25,"file":"D:\\Nayon xD\\Projects\\Sound Explores\\Sound-Explore-Library\\node_modules\\source-map-support\\source-map-support.js","function":"Module._compile","line":568,"method":"_compile","native":false},{"column":33,"file":"C:\\Users\\nrbna\\AppData\\Local\\Temp\\ts-node-dev-hook-07631353754582548.js","function":"Module.m._compile","line":69,"method":"_compile","native":false},{"column":10,"file":"node:internal/modules/cjs/loader","function":null,"line":1895,"method":null,"native":false},{"column":20,"file":"C:\\Users\\nrbna\\AppData\\Local\\Temp\\ts-node-dev-hook-07631353754582548.js","function":"require.extensions..jsx.require.extensions..js","line":114,"method":".js","native":false},{"column":20,"file":"C:\\Users\\nrbna\\AppData\\Local\\Temp\\ts-node-dev-hook-07631353754582548.js","function":"require.extensions.<computed>","line":71,"method":"<computed>","native":false},{"column":13,"file":"D:\\Nayon xD\\Projects\\Sound Explores\\Sound-Explore-Library\\node_modules\\ts-node-dev\\lib\\hook.js","function":"Object.nodeDevHook [as .ts]","line":63,"method":"ts]","native":false},{"column":32,"file":"node:internal/modules/cjs/loader","function":"Module.load","line":1465,"method":"load","native":false},{"column":12,"file":"node:internal/modules/cjs/loader","function":"Function._load","line":1282,"method":"_load","native":false}]}
{"date":"Wed May 21 2025 10:35:35 GMT+0600 (Bangladesh Standard Time)","error":{},"exception":true,"level":"error","message":"uncaughtException:  Unable to compile TypeScript:\nsrc/app/modules/sendMessge/sendMessage.controller.ts(30,9): error TS1005: ',' expected.\r\n\nError:  Unable to compile TypeScript:\nsrc/app/modules/sendMessge/sendMessage.controller.ts(30,9): error TS1005: ',' expected.\r\n\n    at Object.<anonymous> (D:\\Nayon xD\\Projects\\Sound Explores\\Sound-Explore-Library\\src\\app\\modules\\sendMessge\\sendMessage.controller.ts:1:7)\n    at Module.<anonymous> (node:internal/modules/cjs/loader:1730:14)\n    at Module._compile (D:\\Nayon xD\\Projects\\Sound Explores\\Sound-Explore-Library\\node_modules\\source-map-support\\source-map-support.js:568:25)\n    at Module.m._compile (C:\\Users\\nrbna\\AppData\\Local\\Temp\\ts-node-dev-hook-07631353754582548.js:69:33)\n    at node:internal/modules/cjs/loader:1895:10\n    at require.extensions..jsx.require.extensions..js (C:\\Users\\nrbna\\AppData\\Local\\Temp\\ts-node-dev-hook-07631353754582548.js:114:20)\n    at require.extensions.<computed> (C:\\Users\\nrbna\\AppData\\Local\\Temp\\ts-node-dev-hook-07631353754582548.js:71:20)\n    at Object.nodeDevHook [as .ts] (D:\\Nayon xD\\Projects\\Sound Explores\\Sound-Explore-Library\\node_modules\\ts-node-dev\\lib\\hook.js:63:13)\n    at Module.load (node:internal/modules/cjs/loader:1465:32)\n    at Function._load (node:internal/modules/cjs/loader:1282:12)","os":{"loadavg":[0,0,0],"uptime":64544.703},"process":{"argv":["C:\\Program Files\\nodejs\\node.exe","./src/server.ts"],"cwd":"D:\\Nayon xD\\Projects\\Sound Explores\\Sound-Explore-Library","execPath":"C:\\Program Files\\nodejs\\node.exe","gid":null,"memoryUsage":{"arrayBuffers":18425270,"external":20765289,"heapTotal":58904576,"heapUsed":32883064,"rss":81756160},"pid":19652,"uid":null,"version":"v22.15.0"},"service":"your-service-name","stack":"Error:  Unable to compile TypeScript:\nsrc/app/modules/sendMessge/sendMessage.controller.ts(30,9): error TS1005: ',' expected.\r\n\n    at Object.<anonymous> (D:\\Nayon xD\\Projects\\Sound Explores\\Sound-Explore-Library\\src\\app\\modules\\sendMessge\\sendMessage.controller.ts:1:7)\n    at Module.<anonymous> (node:internal/modules/cjs/loader:1730:14)\n    at Module._compile (D:\\Nayon xD\\Projects\\Sound Explores\\Sound-Explore-Library\\node_modules\\source-map-support\\source-map-support.js:568:25)\n    at Module.m._compile (C:\\Users\\nrbna\\AppData\\Local\\Temp\\ts-node-dev-hook-07631353754582548.js:69:33)\n    at node:internal/modules/cjs/loader:1895:10\n    at require.extensions..jsx.require.extensions..js (C:\\Users\\nrbna\\AppData\\Local\\Temp\\ts-node-dev-hook-07631353754582548.js:114:20)\n    at require.extensions.<computed> (C:\\Users\\nrbna\\AppData\\Local\\Temp\\ts-node-dev-hook-07631353754582548.js:71:20)\n    at Object.nodeDevHook [as .ts] (D:\\Nayon xD\\Projects\\Sound Explores\\Sound-Explore-Library\\node_modules\\ts-node-dev\\lib\\hook.js:63:13)\n    at Module.load (node:internal/modules/cjs/loader:1465:32)\n    at Function._load (node:internal/modules/cjs/loader:1282:12)","timestamp":"2025-05-21 10:35:35","trace":[{"column":7,"file":"D:\\Nayon xD\\Projects\\Sound Explores\\Sound-Explore-Library\\src\\app\\modules\\sendMessge\\sendMessage.controller.ts","function":null,"line":1,"method":null,"native":false},{"column":14,"file":"node:internal/modules/cjs/loader","function":null,"line":1730,"method":null,"native":false},{"column":25,"file":"D:\\Nayon xD\\Projects\\Sound Explores\\Sound-Explore-Library\\node_modules\\source-map-support\\source-map-support.js","function":"Module._compile","line":568,"method":"_compile","native":false},{"column":33,"file":"C:\\Users\\nrbna\\AppData\\Local\\Temp\\ts-node-dev-hook-07631353754582548.js","function":"Module.m._compile","line":69,"method":"_compile","native":false},{"column":10,"file":"node:internal/modules/cjs/loader","function":null,"line":1895,"method":null,"native":false},{"column":20,"file":"C:\\Users\\nrbna\\AppData\\Local\\Temp\\ts-node-dev-hook-07631353754582548.js","function":"require.extensions..jsx.require.extensions..js","line":114,"method":".js","native":false},{"column":20,"file":"C:\\Users\\nrbna\\AppData\\Local\\Temp\\ts-node-dev-hook-07631353754582548.js","function":"require.extensions.<computed>","line":71,"method":"<computed>","native":false},{"column":13,"file":"D:\\Nayon xD\\Projects\\Sound Explores\\Sound-Explore-Library\\node_modules\\ts-node-dev\\lib\\hook.js","function":"Object.nodeDevHook [as .ts]","line":63,"method":"ts]","native":false},{"column":32,"file":"node:internal/modules/cjs/loader","function":"Module.load","line":1465,"method":"load","native":false},{"column":12,"file":"node:internal/modules/cjs/loader","function":"Function._load","line":1282,"method":"_load","native":false}]}
{"date":"Wed May 21 2025 10:36:26 GMT+0600 (Bangladesh Standard Time)","error":{},"exception":true,"level":"error","message":"uncaughtException:  Unable to compile TypeScript:\nsrc/app/modules/sendMessge/sendMessage.controller.ts(31,5): error TS1005: ',' expected.\r\n\nError:  Unable to compile TypeScript:\nsrc/app/modules/sendMessge/sendMessage.controller.ts(31,5): error TS1005: ',' expected.\r\n\n    at Object.<anonymous> (D:\\Nayon xD\\Projects\\Sound Explores\\Sound-Explore-Library\\src\\app\\modules\\sendMessge\\sendMessage.controller.ts:1:7)\n    at Module.<anonymous> (node:internal/modules/cjs/loader:1730:14)\n    at Module._compile (D:\\Nayon xD\\Projects\\Sound Explores\\Sound-Explore-Library\\node_modules\\source-map-support\\source-map-support.js:568:25)\n    at Module.m._compile (C:\\Users\\nrbna\\AppData\\Local\\Temp\\ts-node-dev-hook-07631353754582548.js:69:33)\n    at node:internal/modules/cjs/loader:1895:10\n    at require.extensions..jsx.require.extensions..js (C:\\Users\\nrbna\\AppData\\Local\\Temp\\ts-node-dev-hook-07631353754582548.js:114:20)\n    at require.extensions.<computed> (C:\\Users\\nrbna\\AppData\\Local\\Temp\\ts-node-dev-hook-07631353754582548.js:71:20)\n    at Object.nodeDevHook [as .ts] (D:\\Nayon xD\\Projects\\Sound Explores\\Sound-Explore-Library\\node_modules\\ts-node-dev\\lib\\hook.js:63:13)\n    at Module.load (node:internal/modules/cjs/loader:1465:32)\n    at Function._load (node:internal/modules/cjs/loader:1282:12)","os":{"loadavg":[0,0,0],"uptime":64595.171},"process":{"argv":["C:\\Program Files\\nodejs\\node.exe","./src/server.ts"],"cwd":"D:\\Nayon xD\\Projects\\Sound Explores\\Sound-Explore-Library","execPath":"C:\\Program Files\\nodejs\\node.exe","gid":null,"memoryUsage":{"arrayBuffers":18425270,"external":20765289,"heapTotal":58904576,"heapUsed":32868976,"rss":82821120},"pid":11484,"uid":null,"version":"v22.15.0"},"service":"your-service-name","stack":"Error:  Unable to compile TypeScript:\nsrc/app/modules/sendMessge/sendMessage.controller.ts(31,5): error TS1005: ',' expected.\r\n\n    at Object.<anonymous> (D:\\Nayon xD\\Projects\\Sound Explores\\Sound-Explore-Library\\src\\app\\modules\\sendMessge\\sendMessage.controller.ts:1:7)\n    at Module.<anonymous> (node:internal/modules/cjs/loader:1730:14)\n    at Module._compile (D:\\Nayon xD\\Projects\\Sound Explores\\Sound-Explore-Library\\node_modules\\source-map-support\\source-map-support.js:568:25)\n    at Module.m._compile (C:\\Users\\nrbna\\AppData\\Local\\Temp\\ts-node-dev-hook-07631353754582548.js:69:33)\n    at node:internal/modules/cjs/loader:1895:10\n    at require.extensions..jsx.require.extensions..js (C:\\Users\\nrbna\\AppData\\Local\\Temp\\ts-node-dev-hook-07631353754582548.js:114:20)\n    at require.extensions.<computed> (C:\\Users\\nrbna\\AppData\\Local\\Temp\\ts-node-dev-hook-07631353754582548.js:71:20)\n    at Object.nodeDevHook [as .ts] (D:\\Nayon xD\\Projects\\Sound Explores\\Sound-Explore-Library\\node_modules\\ts-node-dev\\lib\\hook.js:63:13)\n    at Module.load (node:internal/modules/cjs/loader:1465:32)\n    at Function._load (node:internal/modules/cjs/loader:1282:12)","timestamp":"2025-05-21 10:36:26","trace":[{"column":7,"file":"D:\\Nayon xD\\Projects\\Sound Explores\\Sound-Explore-Library\\src\\app\\modules\\sendMessge\\sendMessage.controller.ts","function":null,"line":1,"method":null,"native":false},{"column":14,"file":"node:internal/modules/cjs/loader","function":null,"line":1730,"method":null,"native":false},{"column":25,"file":"D:\\Nayon xD\\Projects\\Sound Explores\\Sound-Explore-Library\\node_modules\\source-map-support\\source-map-support.js","function":"Module._compile","line":568,"method":"_compile","native":false},{"column":33,"file":"C:\\Users\\nrbna\\AppData\\Local\\Temp\\ts-node-dev-hook-07631353754582548.js","function":"Module.m._compile","line":69,"method":"_compile","native":false},{"column":10,"file":"node:internal/modules/cjs/loader","function":null,"line":1895,"method":null,"native":false},{"column":20,"file":"C:\\Users\\nrbna\\AppData\\Local\\Temp\\ts-node-dev-hook-07631353754582548.js","function":"require.extensions..jsx.require.extensions..js","line":114,"method":".js","native":false},{"column":20,"file":"C:\\Users\\nrbna\\AppData\\Local\\Temp\\ts-node-dev-hook-07631353754582548.js","function":"require.extensions.<computed>","line":71,"method":"<computed>","native":false},{"column":13,"file":"D:\\Nayon xD\\Projects\\Sound Explores\\Sound-Explore-Library\\node_modules\\ts-node-dev\\lib\\hook.js","function":"Object.nodeDevHook [as .ts]","line":63,"method":"ts]","native":false},{"column":32,"file":"node:internal/modules/cjs/loader","function":"Module.load","line":1465,"method":"load","native":false},{"column":12,"file":"node:internal/modules/cjs/loader","function":"Function._load","line":1282,"method":"_load","native":false}]}
{"date":"Wed May 21 2025 10:36:43 GMT+0600 (Bangladesh Standard Time)","error":{},"exception":true,"level":"error","message":"uncaughtException:  Unable to compile TypeScript:\nsrc/app/modules/sendMessge/sendMessage.controller.ts(33,5): error TS1005: ',' expected.\r\n\nError:  Unable to compile TypeScript:\nsrc/app/modules/sendMessge/sendMessage.controller.ts(33,5): error TS1005: ',' expected.\r\n\n    at Object.<anonymous> (D:\\Nayon xD\\Projects\\Sound Explores\\Sound-Explore-Library\\src\\app\\modules\\sendMessge\\sendMessage.controller.ts:1:7)\n    at Module.<anonymous> (node:internal/modules/cjs/loader:1730:14)\n    at Module._compile (D:\\Nayon xD\\Projects\\Sound Explores\\Sound-Explore-Library\\node_modules\\source-map-support\\source-map-support.js:568:25)\n    at Module.m._compile (C:\\Users\\nrbna\\AppData\\Local\\Temp\\ts-node-dev-hook-07631353754582548.js:69:33)\n    at node:internal/modules/cjs/loader:1895:10\n    at require.extensions..jsx.require.extensions..js (C:\\Users\\nrbna\\AppData\\Local\\Temp\\ts-node-dev-hook-07631353754582548.js:114:20)\n    at require.extensions.<computed> (C:\\Users\\nrbna\\AppData\\Local\\Temp\\ts-node-dev-hook-07631353754582548.js:71:20)\n    at Object.nodeDevHook [as .ts] (D:\\Nayon xD\\Projects\\Sound Explores\\Sound-Explore-Library\\node_modules\\ts-node-dev\\lib\\hook.js:63:13)\n    at Module.load (node:internal/modules/cjs/loader:1465:32)\n    at Function._load (node:internal/modules/cjs/loader:1282:12)","os":{"loadavg":[0,0,0],"uptime":64612.562},"process":{"argv":["C:\\Program Files\\nodejs\\node.exe","./src/server.ts"],"cwd":"D:\\Nayon xD\\Projects\\Sound Explores\\Sound-Explore-Library","execPath":"C:\\Program Files\\nodejs\\node.exe","gid":null,"memoryUsage":{"arrayBuffers":18425270,"external":20765289,"heapTotal":60219392,"heapUsed":30939360,"rss":83460096},"pid":6268,"uid":null,"version":"v22.15.0"},"service":"your-service-name","stack":"Error:  Unable to compile TypeScript:\nsrc/app/modules/sendMessge/sendMessage.controller.ts(33,5): error TS1005: ',' expected.\r\n\n    at Object.<anonymous> (D:\\Nayon xD\\Projects\\Sound Explores\\Sound-Explore-Library\\src\\app\\modules\\sendMessge\\sendMessage.controller.ts:1:7)\n    at Module.<anonymous> (node:internal/modules/cjs/loader:1730:14)\n    at Module._compile (D:\\Nayon xD\\Projects\\Sound Explores\\Sound-Explore-Library\\node_modules\\source-map-support\\source-map-support.js:568:25)\n    at Module.m._compile (C:\\Users\\nrbna\\AppData\\Local\\Temp\\ts-node-dev-hook-07631353754582548.js:69:33)\n    at node:internal/modules/cjs/loader:1895:10\n    at require.extensions..jsx.require.extensions..js (C:\\Users\\nrbna\\AppData\\Local\\Temp\\ts-node-dev-hook-07631353754582548.js:114:20)\n    at require.extensions.<computed> (C:\\Users\\nrbna\\AppData\\Local\\Temp\\ts-node-dev-hook-07631353754582548.js:71:20)\n    at Object.nodeDevHook [as .ts] (D:\\Nayon xD\\Projects\\Sound Explores\\Sound-Explore-Library\\node_modules\\ts-node-dev\\lib\\hook.js:63:13)\n    at Module.load (node:internal/modules/cjs/loader:1465:32)\n    at Function._load (node:internal/modules/cjs/loader:1282:12)","timestamp":"2025-05-21 10:36:43","trace":[{"column":7,"file":"D:\\Nayon xD\\Projects\\Sound Explores\\Sound-Explore-Library\\src\\app\\modules\\sendMessge\\sendMessage.controller.ts","function":null,"line":1,"method":null,"native":false},{"column":14,"file":"node:internal/modules/cjs/loader","function":null,"line":1730,"method":null,"native":false},{"column":25,"file":"D:\\Nayon xD\\Projects\\Sound Explores\\Sound-Explore-Library\\node_modules\\source-map-support\\source-map-support.js","function":"Module._compile","line":568,"method":"_compile","native":false},{"column":33,"file":"C:\\Users\\nrbna\\AppData\\Local\\Temp\\ts-node-dev-hook-07631353754582548.js","function":"Module.m._compile","line":69,"method":"_compile","native":false},{"column":10,"file":"node:internal/modules/cjs/loader","function":null,"line":1895,"method":null,"native":false},{"column":20,"file":"C:\\Users\\nrbna\\AppData\\Local\\Temp\\ts-node-dev-hook-07631353754582548.js","function":"require.extensions..jsx.require.extensions..js","line":114,"method":".js","native":false},{"column":20,"file":"C:\\Users\\nrbna\\AppData\\Local\\Temp\\ts-node-dev-hook-07631353754582548.js","function":"require.extensions.<computed>","line":71,"method":"<computed>","native":false},{"column":13,"file":"D:\\Nayon xD\\Projects\\Sound Explores\\Sound-Explore-Library\\node_modules\\ts-node-dev\\lib\\hook.js","function":"Object.nodeDevHook [as .ts]","line":63,"method":"ts]","native":false},{"column":32,"file":"node:internal/modules/cjs/loader","function":"Module.load","line":1465,"method":"load","native":false},{"column":12,"file":"node:internal/modules/cjs/loader","function":"Function._load","line":1282,"method":"_load","native":false}]}
{"date":"Wed May 21 2025 10:36:47 GMT+0600 (Bangladesh Standard Time)","error":{},"exception":true,"level":"error","message":"uncaughtException:  Unable to compile TypeScript:\nsrc/app/modules/sendMessge/sendMessage.controller.ts(33,5): error TS1005: ',' expected.\r\n\nError:  Unable to compile TypeScript:\nsrc/app/modules/sendMessge/sendMessage.controller.ts(33,5): error TS1005: ',' expected.\r\n\n    at Object.<anonymous> (D:\\Nayon xD\\Projects\\Sound Explores\\Sound-Explore-Library\\src\\app\\modules\\sendMessge\\sendMessage.controller.ts:1:7)\n    at Module.<anonymous> (node:internal/modules/cjs/loader:1730:14)\n    at Module._compile (D:\\Nayon xD\\Projects\\Sound Explores\\Sound-Explore-Library\\node_modules\\source-map-support\\source-map-support.js:568:25)\n    at Module.m._compile (C:\\Users\\nrbna\\AppData\\Local\\Temp\\ts-node-dev-hook-07631353754582548.js:69:33)\n    at node:internal/modules/cjs/loader:1895:10\n    at require.extensions..jsx.require.extensions..js (C:\\Users\\nrbna\\AppData\\Local\\Temp\\ts-node-dev-hook-07631353754582548.js:114:20)\n    at require.extensions.<computed> (C:\\Users\\nrbna\\AppData\\Local\\Temp\\ts-node-dev-hook-07631353754582548.js:71:20)\n    at Object.nodeDevHook [as .ts] (D:\\Nayon xD\\Projects\\Sound Explores\\Sound-Explore-Library\\node_modules\\ts-node-dev\\lib\\hook.js:63:13)\n    at Module.load (node:internal/modules/cjs/loader:1465:32)\n    at Function._load (node:internal/modules/cjs/loader:1282:12)","os":{"loadavg":[0,0,0],"uptime":64616.187},"process":{"argv":["C:\\Program Files\\nodejs\\node.exe","./src/server.ts"],"cwd":"D:\\Nayon xD\\Projects\\Sound Explores\\Sound-Explore-Library","execPath":"C:\\Program Files\\nodejs\\node.exe","gid":null,"memoryUsage":{"arrayBuffers":18425270,"external":20765289,"heapTotal":58904576,"heapUsed":32725720,"rss":82722816},"pid":9632,"uid":null,"version":"v22.15.0"},"service":"your-service-name","stack":"Error:  Unable to compile TypeScript:\nsrc/app/modules/sendMessge/sendMessage.controller.ts(33,5): error TS1005: ',' expected.\r\n\n    at Object.<anonymous> (D:\\Nayon xD\\Projects\\Sound Explores\\Sound-Explore-Library\\src\\app\\modules\\sendMessge\\sendMessage.controller.ts:1:7)\n    at Module.<anonymous> (node:internal/modules/cjs/loader:1730:14)\n    at Module._compile (D:\\Nayon xD\\Projects\\Sound Explores\\Sound-Explore-Library\\node_modules\\source-map-support\\source-map-support.js:568:25)\n    at Module.m._compile (C:\\Users\\nrbna\\AppData\\Local\\Temp\\ts-node-dev-hook-07631353754582548.js:69:33)\n    at node:internal/modules/cjs/loader:1895:10\n    at require.extensions..jsx.require.extensions..js (C:\\Users\\nrbna\\AppData\\Local\\Temp\\ts-node-dev-hook-07631353754582548.js:114:20)\n    at require.extensions.<computed> (C:\\Users\\nrbna\\AppData\\Local\\Temp\\ts-node-dev-hook-07631353754582548.js:71:20)\n    at Object.nodeDevHook [as .ts] (D:\\Nayon xD\\Projects\\Sound Explores\\Sound-Explore-Library\\node_modules\\ts-node-dev\\lib\\hook.js:63:13)\n    at Module.load (node:internal/modules/cjs/loader:1465:32)\n    at Function._load (node:internal/modules/cjs/loader:1282:12)","timestamp":"2025-05-21 10:36:47","trace":[{"column":7,"file":"D:\\Nayon xD\\Projects\\Sound Explores\\Sound-Explore-Library\\src\\app\\modules\\sendMessge\\sendMessage.controller.ts","function":null,"line":1,"method":null,"native":false},{"column":14,"file":"node:internal/modules/cjs/loader","function":null,"line":1730,"method":null,"native":false},{"column":25,"file":"D:\\Nayon xD\\Projects\\Sound Explores\\Sound-Explore-Library\\node_modules\\source-map-support\\source-map-support.js","function":"Module._compile","line":568,"method":"_compile","native":false},{"column":33,"file":"C:\\Users\\nrbna\\AppData\\Local\\Temp\\ts-node-dev-hook-07631353754582548.js","function":"Module.m._compile","line":69,"method":"_compile","native":false},{"column":10,"file":"node:internal/modules/cjs/loader","function":null,"line":1895,"method":null,"native":false},{"column":20,"file":"C:\\Users\\nrbna\\AppData\\Local\\Temp\\ts-node-dev-hook-07631353754582548.js","function":"require.extensions..jsx.require.extensions..js","line":114,"method":".js","native":false},{"column":20,"file":"C:\\Users\\nrbna\\AppData\\Local\\Temp\\ts-node-dev-hook-07631353754582548.js","function":"require.extensions.<computed>","line":71,"method":"<computed>","native":false},{"column":13,"file":"D:\\Nayon xD\\Projects\\Sound Explores\\Sound-Explore-Library\\node_modules\\ts-node-dev\\lib\\hook.js","function":"Object.nodeDevHook [as .ts]","line":63,"method":"ts]","native":false},{"column":32,"file":"node:internal/modules/cjs/loader","function":"Module.load","line":1465,"method":"load","native":false},{"column":12,"file":"node:internal/modules/cjs/loader","function":"Function._load","line":1282,"method":"_load","native":false}]}
{"date":"Wed May 21 2025 10:36:50 GMT+0600 (Bangladesh Standard Time)","error":{},"exception":true,"level":"error","message":"uncaughtException:  Unable to compile TypeScript:\nsrc/app/modules/sendMessge/sendMessage.controller.ts(33,5): error TS1005: ',' expected.\r\n\nError:  Unable to compile TypeScript:\nsrc/app/modules/sendMessge/sendMessage.controller.ts(33,5): error TS1005: ',' expected.\r\n\n    at Object.<anonymous> (D:\\Nayon xD\\Projects\\Sound Explores\\Sound-Explore-Library\\src\\app\\modules\\sendMessge\\sendMessage.controller.ts:1:7)\n    at Module.<anonymous> (node:internal/modules/cjs/loader:1730:14)\n    at Module._compile (D:\\Nayon xD\\Projects\\Sound Explores\\Sound-Explore-Library\\node_modules\\source-map-support\\source-map-support.js:568:25)\n    at Module.m._compile (C:\\Users\\nrbna\\AppData\\Local\\Temp\\ts-node-dev-hook-07631353754582548.js:69:33)\n    at node:internal/modules/cjs/loader:1895:10\n    at require.extensions..jsx.require.extensions..js (C:\\Users\\nrbna\\AppData\\Local\\Temp\\ts-node-dev-hook-07631353754582548.js:114:20)\n    at require.extensions.<computed> (C:\\Users\\nrbna\\AppData\\Local\\Temp\\ts-node-dev-hook-07631353754582548.js:71:20)\n    at Object.nodeDevHook [as .ts] (D:\\Nayon xD\\Projects\\Sound Explores\\Sound-Explore-Library\\node_modules\\ts-node-dev\\lib\\hook.js:63:13)\n    at Module.load (node:internal/modules/cjs/loader:1465:32)\n    at Function._load (node:internal/modules/cjs/loader:1282:12)","os":{"loadavg":[0,0,0],"uptime":64619.765},"process":{"argv":["C:\\Program Files\\nodejs\\node.exe","./src/server.ts"],"cwd":"D:\\Nayon xD\\Projects\\Sound Explores\\Sound-Explore-Library","execPath":"C:\\Program Files\\nodejs\\node.exe","gid":null,"memoryUsage":{"arrayBuffers":18425270,"external":20765289,"heapTotal":58904576,"heapUsed":32776088,"rss":82620416},"pid":32180,"uid":null,"version":"v22.15.0"},"service":"your-service-name","stack":"Error:  Unable to compile TypeScript:\nsrc/app/modules/sendMessge/sendMessage.controller.ts(33,5): error TS1005: ',' expected.\r\n\n    at Object.<anonymous> (D:\\Nayon xD\\Projects\\Sound Explores\\Sound-Explore-Library\\src\\app\\modules\\sendMessge\\sendMessage.controller.ts:1:7)\n    at Module.<anonymous> (node:internal/modules/cjs/loader:1730:14)\n    at Module._compile (D:\\Nayon xD\\Projects\\Sound Explores\\Sound-Explore-Library\\node_modules\\source-map-support\\source-map-support.js:568:25)\n    at Module.m._compile (C:\\Users\\nrbna\\AppData\\Local\\Temp\\ts-node-dev-hook-07631353754582548.js:69:33)\n    at node:internal/modules/cjs/loader:1895:10\n    at require.extensions..jsx.require.extensions..js (C:\\Users\\nrbna\\AppData\\Local\\Temp\\ts-node-dev-hook-07631353754582548.js:114:20)\n    at require.extensions.<computed> (C:\\Users\\nrbna\\AppData\\Local\\Temp\\ts-node-dev-hook-07631353754582548.js:71:20)\n    at Object.nodeDevHook [as .ts] (D:\\Nayon xD\\Projects\\Sound Explores\\Sound-Explore-Library\\node_modules\\ts-node-dev\\lib\\hook.js:63:13)\n    at Module.load (node:internal/modules/cjs/loader:1465:32)\n    at Function._load (node:internal/modules/cjs/loader:1282:12)","timestamp":"2025-05-21 10:36:50","trace":[{"column":7,"file":"D:\\Nayon xD\\Projects\\Sound Explores\\Sound-Explore-Library\\src\\app\\modules\\sendMessge\\sendMessage.controller.ts","function":null,"line":1,"method":null,"native":false},{"column":14,"file":"node:internal/modules/cjs/loader","function":null,"line":1730,"method":null,"native":false},{"column":25,"file":"D:\\Nayon xD\\Projects\\Sound Explores\\Sound-Explore-Library\\node_modules\\source-map-support\\source-map-support.js","function":"Module._compile","line":568,"method":"_compile","native":false},{"column":33,"file":"C:\\Users\\nrbna\\AppData\\Local\\Temp\\ts-node-dev-hook-07631353754582548.js","function":"Module.m._compile","line":69,"method":"_compile","native":false},{"column":10,"file":"node:internal/modules/cjs/loader","function":null,"line":1895,"method":null,"native":false},{"column":20,"file":"C:\\Users\\nrbna\\AppData\\Local\\Temp\\ts-node-dev-hook-07631353754582548.js","function":"require.extensions..jsx.require.extensions..js","line":114,"method":".js","native":false},{"column":20,"file":"C:\\Users\\nrbna\\AppData\\Local\\Temp\\ts-node-dev-hook-07631353754582548.js","function":"require.extensions.<computed>","line":71,"method":"<computed>","native":false},{"column":13,"file":"D:\\Nayon xD\\Projects\\Sound Explores\\Sound-Explore-Library\\node_modules\\ts-node-dev\\lib\\hook.js","function":"Object.nodeDevHook [as .ts]","line":63,"method":"ts]","native":false},{"column":32,"file":"node:internal/modules/cjs/loader","function":"Module.load","line":1465,"method":"load","native":false},{"column":12,"file":"node:internal/modules/cjs/loader","function":"Function._load","line":1282,"method":"_load","native":false}]}
{"date":"Wed May 21 2025 10:38:13 GMT+0600 (Bangladesh Standard Time)","error":{},"exception":true,"level":"error","message":"uncaughtException:  Unable to compile TypeScript:\nsrc/app/modules/sendMessge/sendMessage.service.ts(156,3): error TS1005: ',' expected.\r\n\nError:  Unable to compile TypeScript:\nsrc/app/modules/sendMessge/sendMessage.service.ts(156,3): error TS1005: ',' expected.\r\n\n    at Object.<anonymous> (D:\\Nayon xD\\Projects\\Sound Explores\\Sound-Explore-Library\\src\\app\\modules\\sendMessge\\sendMessage.service.ts:1:7)\n    at Module.<anonymous> (node:internal/modules/cjs/loader:1730:14)\n    at Module._compile (D:\\Nayon xD\\Projects\\Sound Explores\\Sound-Explore-Library\\node_modules\\source-map-support\\source-map-support.js:568:25)\n    at Module.m._compile (C:\\Users\\nrbna\\AppData\\Local\\Temp\\ts-node-dev-hook-07631353754582548.js:69:33)\n    at node:internal/modules/cjs/loader:1895:10\n    at require.extensions..jsx.require.extensions..js (C:\\Users\\nrbna\\AppData\\Local\\Temp\\ts-node-dev-hook-07631353754582548.js:114:20)\n    at require.extensions.<computed> (C:\\Users\\nrbna\\AppData\\Local\\Temp\\ts-node-dev-hook-07631353754582548.js:71:20)\n    at Object.nodeDevHook [as .ts] (D:\\Nayon xD\\Projects\\Sound Explores\\Sound-Explore-Library\\node_modules\\ts-node-dev\\lib\\hook.js:63:13)\n    at Module.load (node:internal/modules/cjs/loader:1465:32)\n    at Function._load (node:internal/modules/cjs/loader:1282:12)","os":{"loadavg":[0,0,0],"uptime":64702.093},"process":{"argv":["C:\\Program Files\\nodejs\\node.exe","./src/server.ts"],"cwd":"D:\\Nayon xD\\Projects\\Sound Explores\\Sound-Explore-Library","execPath":"C:\\Program Files\\nodejs\\node.exe","gid":null,"memoryUsage":{"arrayBuffers":18425749,"external":20765289,"heapTotal":58904576,"heapUsed":32970968,"rss":82788352},"pid":31328,"uid":null,"version":"v22.15.0"},"service":"your-service-name","stack":"Error:  Unable to compile TypeScript:\nsrc/app/modules/sendMessge/sendMessage.service.ts(156,3): error TS1005: ',' expected.\r\n\n    at Object.<anonymous> (D:\\Nayon xD\\Projects\\Sound Explores\\Sound-Explore-Library\\src\\app\\modules\\sendMessge\\sendMessage.service.ts:1:7)\n    at Module.<anonymous> (node:internal/modules/cjs/loader:1730:14)\n    at Module._compile (D:\\Nayon xD\\Projects\\Sound Explores\\Sound-Explore-Library\\node_modules\\source-map-support\\source-map-support.js:568:25)\n    at Module.m._compile (C:\\Users\\nrbna\\AppData\\Local\\Temp\\ts-node-dev-hook-07631353754582548.js:69:33)\n    at node:internal/modules/cjs/loader:1895:10\n    at require.extensions..jsx.require.extensions..js (C:\\Users\\nrbna\\AppData\\Local\\Temp\\ts-node-dev-hook-07631353754582548.js:114:20)\n    at require.extensions.<computed> (C:\\Users\\nrbna\\AppData\\Local\\Temp\\ts-node-dev-hook-07631353754582548.js:71:20)\n    at Object.nodeDevHook [as .ts] (D:\\Nayon xD\\Projects\\Sound Explores\\Sound-Explore-Library\\node_modules\\ts-node-dev\\lib\\hook.js:63:13)\n    at Module.load (node:internal/modules/cjs/loader:1465:32)\n    at Function._load (node:internal/modules/cjs/loader:1282:12)","timestamp":"2025-05-21 10:38:13","trace":[{"column":7,"file":"D:\\Nayon xD\\Projects\\Sound Explores\\Sound-Explore-Library\\src\\app\\modules\\sendMessge\\sendMessage.service.ts","function":null,"line":1,"method":null,"native":false},{"column":14,"file":"node:internal/modules/cjs/loader","function":null,"line":1730,"method":null,"native":false},{"column":25,"file":"D:\\Nayon xD\\Projects\\Sound Explores\\Sound-Explore-Library\\node_modules\\source-map-support\\source-map-support.js","function":"Module._compile","line":568,"method":"_compile","native":false},{"column":33,"file":"C:\\Users\\nrbna\\AppData\\Local\\Temp\\ts-node-dev-hook-07631353754582548.js","function":"Module.m._compile","line":69,"method":"_compile","native":false},{"column":10,"file":"node:internal/modules/cjs/loader","function":null,"line":1895,"method":null,"native":false},{"column":20,"file":"C:\\Users\\nrbna\\AppData\\Local\\Temp\\ts-node-dev-hook-07631353754582548.js","function":"require.extensions..jsx.require.extensions..js","line":114,"method":".js","native":false},{"column":20,"file":"C:\\Users\\nrbna\\AppData\\Local\\Temp\\ts-node-dev-hook-07631353754582548.js","function":"require.extensions.<computed>","line":71,"method":"<computed>","native":false},{"column":13,"file":"D:\\Nayon xD\\Projects\\Sound Explores\\Sound-Explore-Library\\node_modules\\ts-node-dev\\lib\\hook.js","function":"Object.nodeDevHook [as .ts]","line":63,"method":"ts]","native":false},{"column":32,"file":"node:internal/modules/cjs/loader","function":"Module.load","line":1465,"method":"load","native":false},{"column":12,"file":"node:internal/modules/cjs/loader","function":"Function._load","line":1282,"method":"_load","native":false}]}
{"date":"Wed May 21 2025 10:38:16 GMT+0600 (Bangladesh Standard Time)","error":{},"exception":true,"level":"error","message":"uncaughtException:  Unable to compile TypeScript:\nsrc/app/modules/sendMessge/sendMessage.service.ts(156,3): error TS1005: ',' expected.\r\n\nError:  Unable to compile TypeScript:\nsrc/app/modules/sendMessge/sendMessage.service.ts(156,3): error TS1005: ',' expected.\r\n\n    at Object.<anonymous> (D:\\Nayon xD\\Projects\\Sound Explores\\Sound-Explore-Library\\src\\app\\modules\\sendMessge\\sendMessage.service.ts:1:7)\n    at Module.<anonymous> (node:internal/modules/cjs/loader:1730:14)\n    at Module._compile (D:\\Nayon xD\\Projects\\Sound Explores\\Sound-Explore-Library\\node_modules\\source-map-support\\source-map-support.js:568:25)\n    at Module.m._compile (C:\\Users\\nrbna\\AppData\\Local\\Temp\\ts-node-dev-hook-07631353754582548.js:69:33)\n    at node:internal/modules/cjs/loader:1895:10\n    at require.extensions..jsx.require.extensions..js (C:\\Users\\nrbna\\AppData\\Local\\Temp\\ts-node-dev-hook-07631353754582548.js:114:20)\n    at require.extensions.<computed> (C:\\Users\\nrbna\\AppData\\Local\\Temp\\ts-node-dev-hook-07631353754582548.js:71:20)\n    at Object.nodeDevHook [as .ts] (D:\\Nayon xD\\Projects\\Sound Explores\\Sound-Explore-Library\\node_modules\\ts-node-dev\\lib\\hook.js:63:13)\n    at Module.load (node:internal/modules/cjs/loader:1465:32)\n    at Function._load (node:internal/modules/cjs/loader:1282:12)","os":{"loadavg":[0,0,0],"uptime":64705.703},"process":{"argv":["C:\\Program Files\\nodejs\\node.exe","./src/server.ts"],"cwd":"D:\\Nayon xD\\Projects\\Sound Explores\\Sound-Explore-Library","execPath":"C:\\Program Files\\nodejs\\node.exe","gid":null,"memoryUsage":{"arrayBuffers":18425749,"external":20765289,"heapTotal":60219392,"heapUsed":31013664,"rss":83431424},"pid":12260,"uid":null,"version":"v22.15.0"},"service":"your-service-name","stack":"Error:  Unable to compile TypeScript:\nsrc/app/modules/sendMessge/sendMessage.service.ts(156,3): error TS1005: ',' expected.\r\n\n    at Object.<anonymous> (D:\\Nayon xD\\Projects\\Sound Explores\\Sound-Explore-Library\\src\\app\\modules\\sendMessge\\sendMessage.service.ts:1:7)\n    at Module.<anonymous> (node:internal/modules/cjs/loader:1730:14)\n    at Module._compile (D:\\Nayon xD\\Projects\\Sound Explores\\Sound-Explore-Library\\node_modules\\source-map-support\\source-map-support.js:568:25)\n    at Module.m._compile (C:\\Users\\nrbna\\AppData\\Local\\Temp\\ts-node-dev-hook-07631353754582548.js:69:33)\n    at node:internal/modules/cjs/loader:1895:10\n    at require.extensions..jsx.require.extensions..js (C:\\Users\\nrbna\\AppData\\Local\\Temp\\ts-node-dev-hook-07631353754582548.js:114:20)\n    at require.extensions.<computed> (C:\\Users\\nrbna\\AppData\\Local\\Temp\\ts-node-dev-hook-07631353754582548.js:71:20)\n    at Object.nodeDevHook [as .ts] (D:\\Nayon xD\\Projects\\Sound Explores\\Sound-Explore-Library\\node_modules\\ts-node-dev\\lib\\hook.js:63:13)\n    at Module.load (node:internal/modules/cjs/loader:1465:32)\n    at Function._load (node:internal/modules/cjs/loader:1282:12)","timestamp":"2025-05-21 10:38:16","trace":[{"column":7,"file":"D:\\Nayon xD\\Projects\\Sound Explores\\Sound-Explore-Library\\src\\app\\modules\\sendMessge\\sendMessage.service.ts","function":null,"line":1,"method":null,"native":false},{"column":14,"file":"node:internal/modules/cjs/loader","function":null,"line":1730,"method":null,"native":false},{"column":25,"file":"D:\\Nayon xD\\Projects\\Sound Explores\\Sound-Explore-Library\\node_modules\\source-map-support\\source-map-support.js","function":"Module._compile","line":568,"method":"_compile","native":false},{"column":33,"file":"C:\\Users\\nrbna\\AppData\\Local\\Temp\\ts-node-dev-hook-07631353754582548.js","function":"Module.m._compile","line":69,"method":"_compile","native":false},{"column":10,"file":"node:internal/modules/cjs/loader","function":null,"line":1895,"method":null,"native":false},{"column":20,"file":"C:\\Users\\nrbna\\AppData\\Local\\Temp\\ts-node-dev-hook-07631353754582548.js","function":"require.extensions..jsx.require.extensions..js","line":114,"method":".js","native":false},{"column":20,"file":"C:\\Users\\nrbna\\AppData\\Local\\Temp\\ts-node-dev-hook-07631353754582548.js","function":"require.extensions.<computed>","line":71,"method":"<computed>","native":false},{"column":13,"file":"D:\\Nayon xD\\Projects\\Sound Explores\\Sound-Explore-Library\\node_modules\\ts-node-dev\\lib\\hook.js","function":"Object.nodeDevHook [as .ts]","line":63,"method":"ts]","native":false},{"column":32,"file":"node:internal/modules/cjs/loader","function":"Module.load","line":1465,"method":"load","native":false},{"column":12,"file":"node:internal/modules/cjs/loader","function":"Function._load","line":1282,"method":"_load","native":false}]}
{"date":"Wed May 21 2025 10:38:20 GMT+0600 (Bangladesh Standard Time)","error":{},"exception":true,"level":"error","message":"uncaughtException:  Unable to compile TypeScript:\nsrc/app/modules/sendMessge/sendMessage.service.ts(156,3): error TS1005: ',' expected.\r\n\nError:  Unable to compile TypeScript:\nsrc/app/modules/sendMessge/sendMessage.service.ts(156,3): error TS1005: ',' expected.\r\n\n    at Object.<anonymous> (D:\\Nayon xD\\Projects\\Sound Explores\\Sound-Explore-Library\\src\\app\\modules\\sendMessge\\sendMessage.service.ts:1:7)\n    at Module.<anonymous> (node:internal/modules/cjs/loader:1730:14)\n    at Module._compile (D:\\Nayon xD\\Projects\\Sound Explores\\Sound-Explore-Library\\node_modules\\source-map-support\\source-map-support.js:568:25)\n    at Module.m._compile (C:\\Users\\nrbna\\AppData\\Local\\Temp\\ts-node-dev-hook-07631353754582548.js:69:33)\n    at node:internal/modules/cjs/loader:1895:10\n    at require.extensions..jsx.require.extensions..js (C:\\Users\\nrbna\\AppData\\Local\\Temp\\ts-node-dev-hook-07631353754582548.js:114:20)\n    at require.extensions.<computed> (C:\\Users\\nrbna\\AppData\\Local\\Temp\\ts-node-dev-hook-07631353754582548.js:71:20)\n    at Object.nodeDevHook [as .ts] (D:\\Nayon xD\\Projects\\Sound Explores\\Sound-Explore-Library\\node_modules\\ts-node-dev\\lib\\hook.js:63:13)\n    at Module.load (node:internal/modules/cjs/loader:1465:32)\n    at Function._load (node:internal/modules/cjs/loader:1282:12)","os":{"loadavg":[0,0,0],"uptime":64709.359},"process":{"argv":["C:\\Program Files\\nodejs\\node.exe","./src/server.ts"],"cwd":"D:\\Nayon xD\\Projects\\Sound Explores\\Sound-Explore-Library","execPath":"C:\\Program Files\\nodejs\\node.exe","gid":null,"memoryUsage":{"arrayBuffers":18425749,"external":20765289,"heapTotal":58904576,"heapUsed":33050648,"rss":83251200},"pid":16556,"uid":null,"version":"v22.15.0"},"service":"your-service-name","stack":"Error:  Unable to compile TypeScript:\nsrc/app/modules/sendMessge/sendMessage.service.ts(156,3): error TS1005: ',' expected.\r\n\n    at Object.<anonymous> (D:\\Nayon xD\\Projects\\Sound Explores\\Sound-Explore-Library\\src\\app\\modules\\sendMessge\\sendMessage.service.ts:1:7)\n    at Module.<anonymous> (node:internal/modules/cjs/loader:1730:14)\n    at Module._compile (D:\\Nayon xD\\Projects\\Sound Explores\\Sound-Explore-Library\\node_modules\\source-map-support\\source-map-support.js:568:25)\n    at Module.m._compile (C:\\Users\\nrbna\\AppData\\Local\\Temp\\ts-node-dev-hook-07631353754582548.js:69:33)\n    at node:internal/modules/cjs/loader:1895:10\n    at require.extensions..jsx.require.extensions..js (C:\\Users\\nrbna\\AppData\\Local\\Temp\\ts-node-dev-hook-07631353754582548.js:114:20)\n    at require.extensions.<computed> (C:\\Users\\nrbna\\AppData\\Local\\Temp\\ts-node-dev-hook-07631353754582548.js:71:20)\n    at Object.nodeDevHook [as .ts] (D:\\Nayon xD\\Projects\\Sound Explores\\Sound-Explore-Library\\node_modules\\ts-node-dev\\lib\\hook.js:63:13)\n    at Module.load (node:internal/modules/cjs/loader:1465:32)\n    at Function._load (node:internal/modules/cjs/loader:1282:12)","timestamp":"2025-05-21 10:38:20","trace":[{"column":7,"file":"D:\\Nayon xD\\Projects\\Sound Explores\\Sound-Explore-Library\\src\\app\\modules\\sendMessge\\sendMessage.service.ts","function":null,"line":1,"method":null,"native":false},{"column":14,"file":"node:internal/modules/cjs/loader","function":null,"line":1730,"method":null,"native":false},{"column":25,"file":"D:\\Nayon xD\\Projects\\Sound Explores\\Sound-Explore-Library\\node_modules\\source-map-support\\source-map-support.js","function":"Module._compile","line":568,"method":"_compile","native":false},{"column":33,"file":"C:\\Users\\nrbna\\AppData\\Local\\Temp\\ts-node-dev-hook-07631353754582548.js","function":"Module.m._compile","line":69,"method":"_compile","native":false},{"column":10,"file":"node:internal/modules/cjs/loader","function":null,"line":1895,"method":null,"native":false},{"column":20,"file":"C:\\Users\\nrbna\\AppData\\Local\\Temp\\ts-node-dev-hook-07631353754582548.js","function":"require.extensions..jsx.require.extensions..js","line":114,"method":".js","native":false},{"column":20,"file":"C:\\Users\\nrbna\\AppData\\Local\\Temp\\ts-node-dev-hook-07631353754582548.js","function":"require.extensions.<computed>","line":71,"method":"<computed>","native":false},{"column":13,"file":"D:\\Nayon xD\\Projects\\Sound Explores\\Sound-Explore-Library\\node_modules\\ts-node-dev\\lib\\hook.js","function":"Object.nodeDevHook [as .ts]","line":63,"method":"ts]","native":false},{"column":32,"file":"node:internal/modules/cjs/loader","function":"Module.load","line":1465,"method":"load","native":false},{"column":12,"file":"node:internal/modules/cjs/loader","function":"Function._load","line":1282,"method":"_load","native":false}]}
{"date":"Wed May 21 2025 10:38:23 GMT+0600 (Bangladesh Standard Time)","error":{},"exception":true,"level":"error","message":"uncaughtException:  Unable to compile TypeScript:\nsrc/app/modules/sendMessge/sendMessage.service.ts(156,3): error TS1005: ',' expected.\r\n\nError:  Unable to compile TypeScript:\nsrc/app/modules/sendMessge/sendMessage.service.ts(156,3): error TS1005: ',' expected.\r\n\n    at Object.<anonymous> (D:\\Nayon xD\\Projects\\Sound Explores\\Sound-Explore-Library\\src\\app\\modules\\sendMessge\\sendMessage.service.ts:1:7)\n    at Module.<anonymous> (node:internal/modules/cjs/loader:1730:14)\n    at Module._compile (D:\\Nayon xD\\Projects\\Sound Explores\\Sound-Explore-Library\\node_modules\\source-map-support\\source-map-support.js:568:25)\n    at Module.m._compile (C:\\Users\\nrbna\\AppData\\Local\\Temp\\ts-node-dev-hook-07631353754582548.js:69:33)\n    at node:internal/modules/cjs/loader:1895:10\n    at require.extensions..jsx.require.extensions..js (C:\\Users\\nrbna\\AppData\\Local\\Temp\\ts-node-dev-hook-07631353754582548.js:114:20)\n    at require.extensions.<computed> (C:\\Users\\nrbna\\AppData\\Local\\Temp\\ts-node-dev-hook-07631353754582548.js:71:20)\n    at Object.nodeDevHook [as .ts] (D:\\Nayon xD\\Projects\\Sound Explores\\Sound-Explore-Library\\node_modules\\ts-node-dev\\lib\\hook.js:63:13)\n    at Module.load (node:internal/modules/cjs/loader:1465:32)\n    at Function._load (node:internal/modules/cjs/loader:1282:12)","os":{"loadavg":[0,0,0],"uptime":64712.968},"process":{"argv":["C:\\Program Files\\nodejs\\node.exe","./src/server.ts"],"cwd":"D:\\Nayon xD\\Projects\\Sound Explores\\Sound-Explore-Library","execPath":"C:\\Program Files\\nodejs\\node.exe","gid":null,"memoryUsage":{"arrayBuffers":18425749,"external":20765289,"heapTotal":58904576,"heapUsed":32843192,"rss":82702336},"pid":12012,"uid":null,"version":"v22.15.0"},"service":"your-service-name","stack":"Error:  Unable to compile TypeScript:\nsrc/app/modules/sendMessge/sendMessage.service.ts(156,3): error TS1005: ',' expected.\r\n\n    at Object.<anonymous> (D:\\Nayon xD\\Projects\\Sound Explores\\Sound-Explore-Library\\src\\app\\modules\\sendMessge\\sendMessage.service.ts:1:7)\n    at Module.<anonymous> (node:internal/modules/cjs/loader:1730:14)\n    at Module._compile (D:\\Nayon xD\\Projects\\Sound Explores\\Sound-Explore-Library\\node_modules\\source-map-support\\source-map-support.js:568:25)\n    at Module.m._compile (C:\\Users\\nrbna\\AppData\\Local\\Temp\\ts-node-dev-hook-07631353754582548.js:69:33)\n    at node:internal/modules/cjs/loader:1895:10\n    at require.extensions..jsx.require.extensions..js (C:\\Users\\nrbna\\AppData\\Local\\Temp\\ts-node-dev-hook-07631353754582548.js:114:20)\n    at require.extensions.<computed> (C:\\Users\\nrbna\\AppData\\Local\\Temp\\ts-node-dev-hook-07631353754582548.js:71:20)\n    at Object.nodeDevHook [as .ts] (D:\\Nayon xD\\Projects\\Sound Explores\\Sound-Explore-Library\\node_modules\\ts-node-dev\\lib\\hook.js:63:13)\n    at Module.load (node:internal/modules/cjs/loader:1465:32)\n    at Function._load (node:internal/modules/cjs/loader:1282:12)","timestamp":"2025-05-21 10:38:23","trace":[{"column":7,"file":"D:\\Nayon xD\\Projects\\Sound Explores\\Sound-Explore-Library\\src\\app\\modules\\sendMessge\\sendMessage.service.ts","function":null,"line":1,"method":null,"native":false},{"column":14,"file":"node:internal/modules/cjs/loader","function":null,"line":1730,"method":null,"native":false},{"column":25,"file":"D:\\Nayon xD\\Projects\\Sound Explores\\Sound-Explore-Library\\node_modules\\source-map-support\\source-map-support.js","function":"Module._compile","line":568,"method":"_compile","native":false},{"column":33,"file":"C:\\Users\\nrbna\\AppData\\Local\\Temp\\ts-node-dev-hook-07631353754582548.js","function":"Module.m._compile","line":69,"method":"_compile","native":false},{"column":10,"file":"node:internal/modules/cjs/loader","function":null,"line":1895,"method":null,"native":false},{"column":20,"file":"C:\\Users\\nrbna\\AppData\\Local\\Temp\\ts-node-dev-hook-07631353754582548.js","function":"require.extensions..jsx.require.extensions..js","line":114,"method":".js","native":false},{"column":20,"file":"C:\\Users\\nrbna\\AppData\\Local\\Temp\\ts-node-dev-hook-07631353754582548.js","function":"require.extensions.<computed>","line":71,"method":"<computed>","native":false},{"column":13,"file":"D:\\Nayon xD\\Projects\\Sound Explores\\Sound-Explore-Library\\node_modules\\ts-node-dev\\lib\\hook.js","function":"Object.nodeDevHook [as .ts]","line":63,"method":"ts]","native":false},{"column":32,"file":"node:internal/modules/cjs/loader","function":"Module.load","line":1465,"method":"load","native":false},{"column":12,"file":"node:internal/modules/cjs/loader","function":"Function._load","line":1282,"method":"_load","native":false}]}
{"date":"Wed May 21 2025 10:38:32 GMT+0600 (Bangladesh Standard Time)","error":{},"exception":true,"level":"error","message":"uncaughtException:  Unable to compile TypeScript:\nsrc/app/modules/sendMessge/sendMessage.service.ts(156,3): error TS1005: ',' expected.\r\n\nError:  Unable to compile TypeScript:\nsrc/app/modules/sendMessge/sendMessage.service.ts(156,3): error TS1005: ',' expected.\r\n\n    at Object.<anonymous> (D:\\Nayon xD\\Projects\\Sound Explores\\Sound-Explore-Library\\src\\app\\modules\\sendMessge\\sendMessage.service.ts:1:7)\n    at Module.<anonymous> (node:internal/modules/cjs/loader:1730:14)\n    at Module._compile (D:\\Nayon xD\\Projects\\Sound Explores\\Sound-Explore-Library\\node_modules\\source-map-support\\source-map-support.js:568:25)\n    at Module.m._compile (C:\\Users\\nrbna\\AppData\\Local\\Temp\\ts-node-dev-hook-07631353754582548.js:69:33)\n    at node:internal/modules/cjs/loader:1895:10\n    at require.extensions..jsx.require.extensions..js (C:\\Users\\nrbna\\AppData\\Local\\Temp\\ts-node-dev-hook-07631353754582548.js:114:20)\n    at require.extensions.<computed> (C:\\Users\\nrbna\\AppData\\Local\\Temp\\ts-node-dev-hook-07631353754582548.js:71:20)\n    at Object.nodeDevHook [as .ts] (D:\\Nayon xD\\Projects\\Sound Explores\\Sound-Explore-Library\\node_modules\\ts-node-dev\\lib\\hook.js:63:13)\n    at Module.load (node:internal/modules/cjs/loader:1465:32)\n    at Function._load (node:internal/modules/cjs/loader:1282:12)","os":{"loadavg":[0,0,0],"uptime":64721.468},"process":{"argv":["C:\\Program Files\\nodejs\\node.exe","./src/server.ts"],"cwd":"D:\\Nayon xD\\Projects\\Sound Explores\\Sound-Explore-Library","execPath":"C:\\Program Files\\nodejs\\node.exe","gid":null,"memoryUsage":{"arrayBuffers":18425749,"external":20765289,"heapTotal":58904576,"heapUsed":32917056,"rss":82919424},"pid":36696,"uid":null,"version":"v22.15.0"},"service":"your-service-name","stack":"Error:  Unable to compile TypeScript:\nsrc/app/modules/sendMessge/sendMessage.service.ts(156,3): error TS1005: ',' expected.\r\n\n    at Object.<anonymous> (D:\\Nayon xD\\Projects\\Sound Explores\\Sound-Explore-Library\\src\\app\\modules\\sendMessge\\sendMessage.service.ts:1:7)\n    at Module.<anonymous> (node:internal/modules/cjs/loader:1730:14)\n    at Module._compile (D:\\Nayon xD\\Projects\\Sound Explores\\Sound-Explore-Library\\node_modules\\source-map-support\\source-map-support.js:568:25)\n    at Module.m._compile (C:\\Users\\nrbna\\AppData\\Local\\Temp\\ts-node-dev-hook-07631353754582548.js:69:33)\n    at node:internal/modules/cjs/loader:1895:10\n    at require.extensions..jsx.require.extensions..js (C:\\Users\\nrbna\\AppData\\Local\\Temp\\ts-node-dev-hook-07631353754582548.js:114:20)\n    at require.extensions.<computed> (C:\\Users\\nrbna\\AppData\\Local\\Temp\\ts-node-dev-hook-07631353754582548.js:71:20)\n    at Object.nodeDevHook [as .ts] (D:\\Nayon xD\\Projects\\Sound Explores\\Sound-Explore-Library\\node_modules\\ts-node-dev\\lib\\hook.js:63:13)\n    at Module.load (node:internal/modules/cjs/loader:1465:32)\n    at Function._load (node:internal/modules/cjs/loader:1282:12)","timestamp":"2025-05-21 10:38:32","trace":[{"column":7,"file":"D:\\Nayon xD\\Projects\\Sound Explores\\Sound-Explore-Library\\src\\app\\modules\\sendMessge\\sendMessage.service.ts","function":null,"line":1,"method":null,"native":false},{"column":14,"file":"node:internal/modules/cjs/loader","function":null,"line":1730,"method":null,"native":false},{"column":25,"file":"D:\\Nayon xD\\Projects\\Sound Explores\\Sound-Explore-Library\\node_modules\\source-map-support\\source-map-support.js","function":"Module._compile","line":568,"method":"_compile","native":false},{"column":33,"file":"C:\\Users\\nrbna\\AppData\\Local\\Temp\\ts-node-dev-hook-07631353754582548.js","function":"Module.m._compile","line":69,"method":"_compile","native":false},{"column":10,"file":"node:internal/modules/cjs/loader","function":null,"line":1895,"method":null,"native":false},{"column":20,"file":"C:\\Users\\nrbna\\AppData\\Local\\Temp\\ts-node-dev-hook-07631353754582548.js","function":"require.extensions..jsx.require.extensions..js","line":114,"method":".js","native":false},{"column":20,"file":"C:\\Users\\nrbna\\AppData\\Local\\Temp\\ts-node-dev-hook-07631353754582548.js","function":"require.extensions.<computed>","line":71,"method":"<computed>","native":false},{"column":13,"file":"D:\\Nayon xD\\Projects\\Sound Explores\\Sound-Explore-Library\\node_modules\\ts-node-dev\\lib\\hook.js","function":"Object.nodeDevHook [as .ts]","line":63,"method":"ts]","native":false},{"column":32,"file":"node:internal/modules/cjs/loader","function":"Module.load","line":1465,"method":"load","native":false},{"column":12,"file":"node:internal/modules/cjs/loader","function":"Function._load","line":1282,"method":"_load","native":false}]}
{"date":"Wed May 21 2025 10:38:41 GMT+0600 (Bangladesh Standard Time)","error":{},"exception":true,"level":"error","message":"uncaughtException:  Unable to compile TypeScript:\nsrc/app/modules/sendMessge/sendMessage.service.ts(156,3): error TS1005: ',' expected.\r\n\nError:  Unable to compile TypeScript:\nsrc/app/modules/sendMessge/sendMessage.service.ts(156,3): error TS1005: ',' expected.\r\n\n    at Object.<anonymous> (D:\\Nayon xD\\Projects\\Sound Explores\\Sound-Explore-Library\\src\\app\\modules\\sendMessge\\sendMessage.service.ts:1:7)\n    at Module.<anonymous> (node:internal/modules/cjs/loader:1730:14)\n    at Module._compile (D:\\Nayon xD\\Projects\\Sound Explores\\Sound-Explore-Library\\node_modules\\source-map-support\\source-map-support.js:568:25)\n    at Module.m._compile (C:\\Users\\nrbna\\AppData\\Local\\Temp\\ts-node-dev-hook-07631353754582548.js:69:33)\n    at node:internal/modules/cjs/loader:1895:10\n    at require.extensions..jsx.require.extensions..js (C:\\Users\\nrbna\\AppData\\Local\\Temp\\ts-node-dev-hook-07631353754582548.js:114:20)\n    at require.extensions.<computed> (C:\\Users\\nrbna\\AppData\\Local\\Temp\\ts-node-dev-hook-07631353754582548.js:71:20)\n    at Object.nodeDevHook [as .ts] (D:\\Nayon xD\\Projects\\Sound Explores\\Sound-Explore-Library\\node_modules\\ts-node-dev\\lib\\hook.js:63:13)\n    at Module.load (node:internal/modules/cjs/loader:1465:32)\n    at Function._load (node:internal/modules/cjs/loader:1282:12)","os":{"loadavg":[0,0,0],"uptime":64730.156},"process":{"argv":["C:\\Program Files\\nodejs\\node.exe","./src/server.ts"],"cwd":"D:\\Nayon xD\\Projects\\Sound Explores\\Sound-Explore-Library","execPath":"C:\\Program Files\\nodejs\\node.exe","gid":null,"memoryUsage":{"arrayBuffers":18425749,"external":20765289,"heapTotal":58642432,"heapUsed":33162208,"rss":83001344},"pid":13056,"uid":null,"version":"v22.15.0"},"service":"your-service-name","stack":"Error:  Unable to compile TypeScript:\nsrc/app/modules/sendMessge/sendMessage.service.ts(156,3): error TS1005: ',' expected.\r\n\n    at Object.<anonymous> (D:\\Nayon xD\\Projects\\Sound Explores\\Sound-Explore-Library\\src\\app\\modules\\sendMessge\\sendMessage.service.ts:1:7)\n    at Module.<anonymous> (node:internal/modules/cjs/loader:1730:14)\n    at Module._compile (D:\\Nayon xD\\Projects\\Sound Explores\\Sound-Explore-Library\\node_modules\\source-map-support\\source-map-support.js:568:25)\n    at Module.m._compile (C:\\Users\\nrbna\\AppData\\Local\\Temp\\ts-node-dev-hook-07631353754582548.js:69:33)\n    at node:internal/modules/cjs/loader:1895:10\n    at require.extensions..jsx.require.extensions..js (C:\\Users\\nrbna\\AppData\\Local\\Temp\\ts-node-dev-hook-07631353754582548.js:114:20)\n    at require.extensions.<computed> (C:\\Users\\nrbna\\AppData\\Local\\Temp\\ts-node-dev-hook-07631353754582548.js:71:20)\n    at Object.nodeDevHook [as .ts] (D:\\Nayon xD\\Projects\\Sound Explores\\Sound-Explore-Library\\node_modules\\ts-node-dev\\lib\\hook.js:63:13)\n    at Module.load (node:internal/modules/cjs/loader:1465:32)\n    at Function._load (node:internal/modules/cjs/loader:1282:12)","timestamp":"2025-05-21 10:38:41","trace":[{"column":7,"file":"D:\\Nayon xD\\Projects\\Sound Explores\\Sound-Explore-Library\\src\\app\\modules\\sendMessge\\sendMessage.service.ts","function":null,"line":1,"method":null,"native":false},{"column":14,"file":"node:internal/modules/cjs/loader","function":null,"line":1730,"method":null,"native":false},{"column":25,"file":"D:\\Nayon xD\\Projects\\Sound Explores\\Sound-Explore-Library\\node_modules\\source-map-support\\source-map-support.js","function":"Module._compile","line":568,"method":"_compile","native":false},{"column":33,"file":"C:\\Users\\nrbna\\AppData\\Local\\Temp\\ts-node-dev-hook-07631353754582548.js","function":"Module.m._compile","line":69,"method":"_compile","native":false},{"column":10,"file":"node:internal/modules/cjs/loader","function":null,"line":1895,"method":null,"native":false},{"column":20,"file":"C:\\Users\\nrbna\\AppData\\Local\\Temp\\ts-node-dev-hook-07631353754582548.js","function":"require.extensions..jsx.require.extensions..js","line":114,"method":".js","native":false},{"column":20,"file":"C:\\Users\\nrbna\\AppData\\Local\\Temp\\ts-node-dev-hook-07631353754582548.js","function":"require.extensions.<computed>","line":71,"method":"<computed>","native":false},{"column":13,"file":"D:\\Nayon xD\\Projects\\Sound Explores\\Sound-Explore-Library\\node_modules\\ts-node-dev\\lib\\hook.js","function":"Object.nodeDevHook [as .ts]","line":63,"method":"ts]","native":false},{"column":32,"file":"node:internal/modules/cjs/loader","function":"Module.load","line":1465,"method":"load","native":false},{"column":12,"file":"node:internal/modules/cjs/loader","function":"Function._load","line":1282,"method":"_load","native":false}]}
{"date":"Wed May 21 2025 10:41:20 GMT+0600 (Bangladesh Standard Time)","error":{},"exception":true,"level":"error","message":"uncaughtException:  Unable to compile TypeScript:\nsrc/app/modules/sendMessge/sendMessage.service.ts(156,3): error TS1005: ',' expected.\r\n\nError:  Unable to compile TypeScript:\nsrc/app/modules/sendMessge/sendMessage.service.ts(156,3): error TS1005: ',' expected.\r\n\n    at Object.<anonymous> (D:\\Nayon xD\\Projects\\Sound Explores\\Sound-Explore-Library\\src\\app\\modules\\sendMessge\\sendMessage.service.ts:1:7)\n    at Module.<anonymous> (node:internal/modules/cjs/loader:1730:14)\n    at Module._compile (D:\\Nayon xD\\Projects\\Sound Explores\\Sound-Explore-Library\\node_modules\\source-map-support\\source-map-support.js:568:25)\n    at Module.m._compile (C:\\Users\\nrbna\\AppData\\Local\\Temp\\ts-node-dev-hook-07631353754582548.js:69:33)\n    at node:internal/modules/cjs/loader:1895:10\n    at require.extensions..jsx.require.extensions..js (C:\\Users\\nrbna\\AppData\\Local\\Temp\\ts-node-dev-hook-07631353754582548.js:114:20)\n    at require.extensions.<computed> (C:\\Users\\nrbna\\AppData\\Local\\Temp\\ts-node-dev-hook-07631353754582548.js:71:20)\n    at Object.nodeDevHook [as .ts] (D:\\Nayon xD\\Projects\\Sound Explores\\Sound-Explore-Library\\node_modules\\ts-node-dev\\lib\\hook.js:63:13)\n    at Module.load (node:internal/modules/cjs/loader:1465:32)\n    at Function._load (node:internal/modules/cjs/loader:1282:12)","os":{"loadavg":[0,0,0],"uptime":64889.312},"process":{"argv":["C:\\Program Files\\nodejs\\node.exe","./src/server.ts"],"cwd":"D:\\Nayon xD\\Projects\\Sound Explores\\Sound-Explore-Library","execPath":"C:\\Program Files\\nodejs\\node.exe","gid":null,"memoryUsage":{"arrayBuffers":18425749,"external":20765289,"heapTotal":60219392,"heapUsed":30998936,"rss":83525632},"pid":33872,"uid":null,"version":"v22.15.0"},"service":"your-service-name","stack":"Error:  Unable to compile TypeScript:\nsrc/app/modules/sendMessge/sendMessage.service.ts(156,3): error TS1005: ',' expected.\r\n\n    at Object.<anonymous> (D:\\Nayon xD\\Projects\\Sound Explores\\Sound-Explore-Library\\src\\app\\modules\\sendMessge\\sendMessage.service.ts:1:7)\n    at Module.<anonymous> (node:internal/modules/cjs/loader:1730:14)\n    at Module._compile (D:\\Nayon xD\\Projects\\Sound Explores\\Sound-Explore-Library\\node_modules\\source-map-support\\source-map-support.js:568:25)\n    at Module.m._compile (C:\\Users\\nrbna\\AppData\\Local\\Temp\\ts-node-dev-hook-07631353754582548.js:69:33)\n    at node:internal/modules/cjs/loader:1895:10\n    at require.extensions..jsx.require.extensions..js (C:\\Users\\nrbna\\AppData\\Local\\Temp\\ts-node-dev-hook-07631353754582548.js:114:20)\n    at require.extensions.<computed> (C:\\Users\\nrbna\\AppData\\Local\\Temp\\ts-node-dev-hook-07631353754582548.js:71:20)\n    at Object.nodeDevHook [as .ts] (D:\\Nayon xD\\Projects\\Sound Explores\\Sound-Explore-Library\\node_modules\\ts-node-dev\\lib\\hook.js:63:13)\n    at Module.load (node:internal/modules/cjs/loader:1465:32)\n    at Function._load (node:internal/modules/cjs/loader:1282:12)","timestamp":"2025-05-21 10:41:20","trace":[{"column":7,"file":"D:\\Nayon xD\\Projects\\Sound Explores\\Sound-Explore-Library\\src\\app\\modules\\sendMessge\\sendMessage.service.ts","function":null,"line":1,"method":null,"native":false},{"column":14,"file":"node:internal/modules/cjs/loader","function":null,"line":1730,"method":null,"native":false},{"column":25,"file":"D:\\Nayon xD\\Projects\\Sound Explores\\Sound-Explore-Library\\node_modules\\source-map-support\\source-map-support.js","function":"Module._compile","line":568,"method":"_compile","native":false},{"column":33,"file":"C:\\Users\\nrbna\\AppData\\Local\\Temp\\ts-node-dev-hook-07631353754582548.js","function":"Module.m._compile","line":69,"method":"_compile","native":false},{"column":10,"file":"node:internal/modules/cjs/loader","function":null,"line":1895,"method":null,"native":false},{"column":20,"file":"C:\\Users\\nrbna\\AppData\\Local\\Temp\\ts-node-dev-hook-07631353754582548.js","function":"require.extensions..jsx.require.extensions..js","line":114,"method":".js","native":false},{"column":20,"file":"C:\\Users\\nrbna\\AppData\\Local\\Temp\\ts-node-dev-hook-07631353754582548.js","function":"require.extensions.<computed>","line":71,"method":"<computed>","native":false},{"column":13,"file":"D:\\Nayon xD\\Projects\\Sound Explores\\Sound-Explore-Library\\node_modules\\ts-node-dev\\lib\\hook.js","function":"Object.nodeDevHook [as .ts]","line":63,"method":"ts]","native":false},{"column":32,"file":"node:internal/modules/cjs/loader","function":"Module.load","line":1465,"method":"load","native":false},{"column":12,"file":"node:internal/modules/cjs/loader","function":"Function._load","line":1282,"method":"_load","native":false}]}
{"date":"Wed May 21 2025 11:49:18 GMT+0600 (Bangladesh Standard Time)","error":{},"exception":true,"level":"error","message":"uncaughtException: sendMessage is not defined\nReferenceError: sendMessage is not defined\n    at Object.<anonymous> (D:\\Nayon xD\\Projects\\Sound Explores\\Sound-Explore-Library\\src\\app\\modules\\sendMessge\\sendMessage.service.ts:173:3)\n    at Module.<anonymous> (node:internal/modules/cjs/loader:1730:14)\n    at Module._compile (D:\\Nayon xD\\Projects\\Sound Explores\\Sound-Explore-Library\\node_modules\\source-map-support\\source-map-support.js:568:25)\n    at Module.m._compile (C:\\Users\\nrbna\\AppData\\Local\\Temp\\ts-node-dev-hook-07631353754582548.js:69:33)\n    at node:internal/modules/cjs/loader:1895:10\n    at require.extensions..jsx.require.extensions..js (C:\\Users\\nrbna\\AppData\\Local\\Temp\\ts-node-dev-hook-07631353754582548.js:114:20)\n    at require.extensions.<computed> (C:\\Users\\nrbna\\AppData\\Local\\Temp\\ts-node-dev-hook-07631353754582548.js:71:20)\n    at Object.nodeDevHook [as .ts] (D:\\Nayon xD\\Projects\\Sound Explores\\Sound-Explore-Library\\node_modules\\ts-node-dev\\lib\\hook.js:63:13)\n    at Module.load (node:internal/modules/cjs/loader:1465:32)\n    at Function._load (node:internal/modules/cjs/loader:1282:12)","os":{"loadavg":[0,0,0],"uptime":68967.781},"process":{"argv":["C:\\Program Files\\nodejs\\node.exe","./src/server.ts"],"cwd":"D:\\Nayon xD\\Projects\\Sound Explores\\Sound-Explore-Library","execPath":"C:\\Program Files\\nodejs\\node.exe","gid":null,"memoryUsage":{"arrayBuffers":18498450,"external":21788563,"heapTotal":61263872,"heapUsed":37385536,"rss":88453120},"pid":34972,"uid":null,"version":"v22.15.0"},"service":"your-service-name","stack":"ReferenceError: sendMessage is not defined\n    at Object.<anonymous> (D:\\Nayon xD\\Projects\\Sound Explores\\Sound-Explore-Library\\src\\app\\modules\\sendMessge\\sendMessage.service.ts:173:3)\n    at Module.<anonymous> (node:internal/modules/cjs/loader:1730:14)\n    at Module._compile (D:\\Nayon xD\\Projects\\Sound Explores\\Sound-Explore-Library\\node_modules\\source-map-support\\source-map-support.js:568:25)\n    at Module.m._compile (C:\\Users\\nrbna\\AppData\\Local\\Temp\\ts-node-dev-hook-07631353754582548.js:69:33)\n    at node:internal/modules/cjs/loader:1895:10\n    at require.extensions..jsx.require.extensions..js (C:\\Users\\nrbna\\AppData\\Local\\Temp\\ts-node-dev-hook-07631353754582548.js:114:20)\n    at require.extensions.<computed> (C:\\Users\\nrbna\\AppData\\Local\\Temp\\ts-node-dev-hook-07631353754582548.js:71:20)\n    at Object.nodeDevHook [as .ts] (D:\\Nayon xD\\Projects\\Sound Explores\\Sound-Explore-Library\\node_modules\\ts-node-dev\\lib\\hook.js:63:13)\n    at Module.load (node:internal/modules/cjs/loader:1465:32)\n    at Function._load (node:internal/modules/cjs/loader:1282:12)","timestamp":"2025-05-21 11:49:18","trace":[{"column":3,"file":"D:\\Nayon xD\\Projects\\Sound Explores\\Sound-Explore-Library\\src\\app\\modules\\sendMessge\\sendMessage.service.ts","function":null,"line":173,"method":null,"native":false},{"column":14,"file":"node:internal/modules/cjs/loader","function":null,"line":1730,"method":null,"native":false},{"column":25,"file":"D:\\Nayon xD\\Projects\\Sound Explores\\Sound-Explore-Library\\node_modules\\source-map-support\\source-map-support.js","function":"Module._compile","line":568,"method":"_compile","native":false},{"column":33,"file":"C:\\Users\\nrbna\\AppData\\Local\\Temp\\ts-node-dev-hook-07631353754582548.js","function":"Module.m._compile","line":69,"method":"_compile","native":false},{"column":10,"file":"node:internal/modules/cjs/loader","function":null,"line":1895,"method":null,"native":false},{"column":20,"file":"C:\\Users\\nrbna\\AppData\\Local\\Temp\\ts-node-dev-hook-07631353754582548.js","function":"require.extensions..jsx.require.extensions..js","line":114,"method":".js","native":false},{"column":20,"file":"C:\\Users\\nrbna\\AppData\\Local\\Temp\\ts-node-dev-hook-07631353754582548.js","function":"require.extensions.<computed>","line":71,"method":"<computed>","native":false},{"column":13,"file":"D:\\Nayon xD\\Projects\\Sound Explores\\Sound-Explore-Library\\node_modules\\ts-node-dev\\lib\\hook.js","function":"Object.nodeDevHook [as .ts]","line":63,"method":"ts]","native":false},{"column":32,"file":"node:internal/modules/cjs/loader","function":"Module.load","line":1465,"method":"load","native":false},{"column":12,"file":"node:internal/modules/cjs/loader","function":"Function._load","line":1282,"method":"_load","native":false}]}
